  [1m[35m (0.0ms)[0m  [1m[35mDROP TABLE IF EXISTS "attendances" /*application='Enzucas'*/[0m
  [1m[35m (0.2ms)[0m  [1m[35mCREATE TABLE "attendances" ("id" integer PRIMARY KEY AUTOINCREMENT NOT NULL, "user_id" integer, "event_id" integer, "stripe_customer_id" varchar, "created_at" datetime(6) NOT NULL, "updated_at" datetime(6) NOT NULL) /*application='Enzucas'*/[0m
  [1m[35m (0.0ms)[0m  [1m[35mCREATE INDEX "index_attendances_on_event_id" ON "attendances" ("event_id") /*application='Enzucas'*/[0m
  [1m[35m (0.0ms)[0m  [1m[35mCREATE INDEX "index_attendances_on_user_id" ON "attendances" ("user_id") /*application='Enzucas'*/[0m
  [1m[35m (0.0ms)[0m  [1m[35mDROP TABLE IF EXISTS "events" /*application='Enzucas'*/[0m
  [1m[35m (0.0ms)[0m  [1m[35mCREATE TABLE "events" ("id" integer PRIMARY KEY AUTOINCREMENT NOT NULL, "title" varchar, "description" text, "price" integer, "location" varchar, "start_date" datetime(6), "duration" integer, "admin_id" integer NOT NULL, "created_at" datetime(6) NOT NULL, "updated_at" datetime(6) NOT NULL) /*application='Enzucas'*/[0m
  [1m[35m (0.0ms)[0m  [1m[35mCREATE INDEX "index_events_on_admin_id" ON "events" ("admin_id") /*application='Enzucas'*/[0m
  [1m[35m (0.0ms)[0m  [1m[35mDROP TABLE IF EXISTS "users" /*application='Enzucas'*/[0m
  [1m[35m (0.0ms)[0m  [1m[35mCREATE TABLE "users" ("id" integer PRIMARY KEY AUTOINCREMENT NOT NULL, "first_name" varchar, "last_name" varchar, "description" text, "email" varchar DEFAULT '' NOT NULL, "encrypted_password" varchar DEFAULT '' NOT NULL, "created_at" datetime(6) NOT NULL, "updated_at" datetime(6) NOT NULL) /*application='Enzucas'*/[0m
  [1m[36mTRANSACTION (0.0ms)[0m  [1m[35mBEGIN immediate TRANSACTION /*application='Enzucas'*/[0m
  [1m[35mSQL (0.3ms)[0m  [1m[35mPRAGMA foreign_keys /*application='Enzucas'*/[0m
  [1m[35mSQL (0.0ms)[0m  [1m[35mPRAGMA defer_foreign_keys /*application='Enzucas'*/[0m
  [1m[35m (0.0ms)[0m  [1m[35mPRAGMA defer_foreign_keys = ON /*application='Enzucas'*/[0m
  [1m[35m (0.0ms)[0m  [1m[35mPRAGMA foreign_keys = OFF /*application='Enzucas'*/[0m
  [1m[35m (0.0ms)[0m  [1m[35mCREATE TEMPORARY TABLE "aattendances" ("id" integer PRIMARY KEY AUTOINCREMENT NOT NULL, "user_id" integer, "event_id" integer, "stripe_customer_id" varchar, "created_at" datetime(6) NOT NULL, "updated_at" datetime(6) NOT NULL) /*application='Enzucas'*/[0m
  [1m[35m (0.0ms)[0m  [1m[35mCREATE INDEX "tindex_aattendances_on_user_id" ON "aattendances" ("user_id") /*application='Enzucas'*/[0m
  [1m[35m (0.0ms)[0m  [1m[35mCREATE INDEX "tindex_aattendances_on_event_id" ON "aattendances" ("event_id") /*application='Enzucas'*/[0m
  [1m[35mSQL (0.0ms)[0m  [1m[32mINSERT INTO "aattendances" ("id","user_id","event_id","stripe_customer_id","created_at","updated_at")
                     SELECT "id","user_id","event_id","stripe_customer_id","created_at","updated_at" FROM "attendances" /*application='Enzucas'*/[0m
  [1m[35m (0.0ms)[0m  [1m[35mDROP TABLE "attendances" /*application='Enzucas'*/[0m
  [1m[35m (0.0ms)[0m  [1m[35mCREATE TABLE "attendances" ("id" integer PRIMARY KEY AUTOINCREMENT NOT NULL, "user_id" integer, "event_id" integer, "stripe_customer_id" varchar, "created_at" datetime(6) NOT NULL, "updated_at" datetime(6) NOT NULL, CONSTRAINT "fk_rails_777eb7170a"
FOREIGN KEY ("event_id")
  REFERENCES "events" ("id")
) /*application='Enzucas'*/[0m
  [1m[35m (0.0ms)[0m  [1m[35mCREATE INDEX "index_attendances_on_event_id" ON "attendances" ("event_id") /*application='Enzucas'*/[0m
  [1m[35m (0.0ms)[0m  [1m[35mCREATE INDEX "index_attendances_on_user_id" ON "attendances" ("user_id") /*application='Enzucas'*/[0m
  [1m[35mSQL (0.0ms)[0m  [1m[32mINSERT INTO "attendances" ("id","user_id","event_id","stripe_customer_id","created_at","updated_at")
                     SELECT "id","user_id","event_id","stripe_customer_id","created_at","updated_at" FROM "aattendances" /*application='Enzucas'*/[0m
  [1m[35m (0.0ms)[0m  [1m[35mDROP TABLE "aattendances" /*application='Enzucas'*/[0m
  [1m[35m (0.0ms)[0m  [1m[35mPRAGMA defer_foreign_keys = 0 /*application='Enzucas'*/[0m
  [1m[35m (0.0ms)[0m  [1m[35mPRAGMA foreign_keys = 1 /*application='Enzucas'*/[0m
  [1m[36mTRANSACTION (0.0ms)[0m  [1m[35mCOMMIT TRANSACTION /*application='Enzucas'*/[0m
  [1m[36mTRANSACTION (0.0ms)[0m  [1m[35mBEGIN immediate TRANSACTION /*application='Enzucas'*/[0m
  [1m[35mSQL (0.3ms)[0m  [1m[35mPRAGMA foreign_keys /*application='Enzucas'*/[0m
  [1m[35mSQL (0.0ms)[0m  [1m[35mPRAGMA defer_foreign_keys /*application='Enzucas'*/[0m
  [1m[35m (0.0ms)[0m  [1m[35mPRAGMA defer_foreign_keys = ON /*application='Enzucas'*/[0m
  [1m[35m (0.0ms)[0m  [1m[35mPRAGMA foreign_keys = OFF /*application='Enzucas'*/[0m
  [1m[35m (0.0ms)[0m  [1m[35mCREATE TEMPORARY TABLE "aattendances" ("id" integer PRIMARY KEY AUTOINCREMENT NOT NULL, "user_id" integer, "event_id" integer, "stripe_customer_id" varchar, "created_at" datetime(6) NOT NULL, "updated_at" datetime(6) NOT NULL) /*application='Enzucas'*/[0m
  [1m[35m (0.0ms)[0m  [1m[35mCREATE INDEX "tindex_aattendances_on_user_id" ON "aattendances" ("user_id") /*application='Enzucas'*/[0m
  [1m[35m (0.0ms)[0m  [1m[35mCREATE INDEX "tindex_aattendances_on_event_id" ON "aattendances" ("event_id") /*application='Enzucas'*/[0m
  [1m[35mSQL (0.0ms)[0m  [1m[32mINSERT INTO "aattendances" ("id","user_id","event_id","stripe_customer_id","created_at","updated_at")
                     SELECT "id","user_id","event_id","stripe_customer_id","created_at","updated_at" FROM "attendances" /*application='Enzucas'*/[0m
  [1m[35m (0.0ms)[0m  [1m[35mDROP TABLE "attendances" /*application='Enzucas'*/[0m
  [1m[35m (0.0ms)[0m  [1m[35mCREATE TABLE "attendances" ("id" integer PRIMARY KEY AUTOINCREMENT NOT NULL, "user_id" integer, "event_id" integer, "stripe_customer_id" varchar, "created_at" datetime(6) NOT NULL, "updated_at" datetime(6) NOT NULL, CONSTRAINT "fk_rails_777eb7170a"
FOREIGN KEY ("event_id")
  REFERENCES "events" ("id")
, CONSTRAINT "fk_rails_77ad02f5c5"
FOREIGN KEY ("user_id")
  REFERENCES "users" ("id")
) /*application='Enzucas'*/[0m
  [1m[35m (0.0ms)[0m  [1m[35mCREATE INDEX "index_attendances_on_event_id" ON "attendances" ("event_id") /*application='Enzucas'*/[0m
  [1m[35m (0.0ms)[0m  [1m[35mCREATE INDEX "index_attendances_on_user_id" ON "attendances" ("user_id") /*application='Enzucas'*/[0m
  [1m[35mSQL (0.0ms)[0m  [1m[32mINSERT INTO "attendances" ("id","user_id","event_id","stripe_customer_id","created_at","updated_at")
                     SELECT "id","user_id","event_id","stripe_customer_id","created_at","updated_at" FROM "aattendances" /*application='Enzucas'*/[0m
  [1m[35m (0.0ms)[0m  [1m[35mDROP TABLE "aattendances" /*application='Enzucas'*/[0m
  [1m[35m (0.0ms)[0m  [1m[35mPRAGMA defer_foreign_keys = 0 /*application='Enzucas'*/[0m
  [1m[35m (0.0ms)[0m  [1m[35mPRAGMA foreign_keys = 1 /*application='Enzucas'*/[0m
  [1m[36mTRANSACTION (0.0ms)[0m  [1m[35mCOMMIT TRANSACTION /*application='Enzucas'*/[0m
  [1m[36mTRANSACTION (0.0ms)[0m  [1m[35mBEGIN immediate TRANSACTION /*application='Enzucas'*/[0m
  [1m[35mSQL (0.3ms)[0m  [1m[35mPRAGMA foreign_keys /*application='Enzucas'*/[0m
  [1m[35mSQL (0.0ms)[0m  [1m[35mPRAGMA defer_foreign_keys /*application='Enzucas'*/[0m
  [1m[35m (0.0ms)[0m  [1m[35mPRAGMA defer_foreign_keys = ON /*application='Enzucas'*/[0m
  [1m[35m (0.0ms)[0m  [1m[35mPRAGMA foreign_keys = OFF /*application='Enzucas'*/[0m
  [1m[35m (0.0ms)[0m  [1m[35mCREATE TEMPORARY TABLE "aevents" ("id" integer PRIMARY KEY AUTOINCREMENT NOT NULL, "title" varchar, "description" text, "price" integer, "location" varchar, "start_date" datetime(6), "duration" integer, "admin_id" integer NOT NULL, "created_at" datetime(6) NOT NULL, "updated_at" datetime(6) NOT NULL) /*application='Enzucas'*/[0m
  [1m[35m (0.0ms)[0m  [1m[35mCREATE INDEX "tindex_aevents_on_admin_id" ON "aevents" ("admin_id") /*application='Enzucas'*/[0m
  [1m[35mSQL (0.0ms)[0m  [1m[32mINSERT INTO "aevents" ("id","title","description","price","location","start_date","duration","admin_id","created_at","updated_at")
                     SELECT "id","title","description","price","location","start_date","duration","admin_id","created_at","updated_at" FROM "events" /*application='Enzucas'*/[0m
  [1m[35m (0.0ms)[0m  [1m[35mDROP TABLE "events" /*application='Enzucas'*/[0m
  [1m[35m (0.1ms)[0m  [1m[35mCREATE TABLE "events" ("id" integer PRIMARY KEY AUTOINCREMENT NOT NULL, "title" varchar, "description" text, "price" integer, "location" varchar, "start_date" datetime(6), "duration" integer, "admin_id" integer NOT NULL, "created_at" datetime(6) NOT NULL, "updated_at" datetime(6) NOT NULL, CONSTRAINT "fk_rails_5c63870121"
FOREIGN KEY ("admin_id")
  REFERENCES "users" ("id")
) /*application='Enzucas'*/[0m
  [1m[35m (0.0ms)[0m  [1m[35mCREATE INDEX "index_events_on_admin_id" ON "events" ("admin_id") /*application='Enzucas'*/[0m
  [1m[35mSQL (0.0ms)[0m  [1m[32mINSERT INTO "events" ("id","title","description","price","location","start_date","duration","admin_id","created_at","updated_at")
                     SELECT "id","title","description","price","location","start_date","duration","admin_id","created_at","updated_at" FROM "aevents" /*application='Enzucas'*/[0m
  [1m[35m (0.0ms)[0m  [1m[35mDROP TABLE "aevents" /*application='Enzucas'*/[0m
  [1m[35m (0.0ms)[0m  [1m[35mPRAGMA defer_foreign_keys = 0 /*application='Enzucas'*/[0m
  [1m[35m (0.0ms)[0m  [1m[35mPRAGMA foreign_keys = 1 /*application='Enzucas'*/[0m
  [1m[36mTRANSACTION (0.0ms)[0m  [1m[35mCOMMIT TRANSACTION /*application='Enzucas'*/[0m
  [1m[35m (0.0ms)[0m  [1m[35mCREATE TABLE "schema_migrations" ("version" varchar NOT NULL PRIMARY KEY) /*application='Enzucas'*/[0m
  [1m[36mActiveRecord::SchemaMigration Load (0.0ms)[0m  [1m[34mSELECT "schema_migrations"."version" FROM "schema_migrations" ORDER BY "schema_migrations"."version" ASC /*application='Enzucas'*/[0m
  [1m[35m (0.1ms)[0m  [1m[32mINSERT INTO "schema_migrations" (version) VALUES (20251015134305) /*application='Enzucas'*/[0m
  [1m[35m (0.0ms)[0m  [1m[32mINSERT INTO "schema_migrations" (version) VALUES
(20251015132507),
(20251015132449),
(20251015132433); /*application='Enzucas'*/[0m
  [1m[35m (0.1ms)[0m  [1m[35mCREATE TABLE "ar_internal_metadata" ("key" varchar NOT NULL PRIMARY KEY, "value" varchar, "created_at" datetime(6) NOT NULL, "updated_at" datetime(6) NOT NULL) /*application='Enzucas'*/[0m
  [1m[36mActiveRecord::InternalMetadata Load (0.0ms)[0m  [1m[34mSELECT * FROM "ar_internal_metadata" WHERE "ar_internal_metadata"."key" = 'environment' ORDER BY "ar_internal_metadata"."key" ASC LIMIT 1 /*application='Enzucas'*/[0m
  [1m[36mActiveRecord::InternalMetadata Create (0.0ms)[0m  [1m[32mINSERT INTO "ar_internal_metadata" ("key", "value", "created_at", "updated_at") VALUES ('environment', 'development', '2025-10-15 14:37:49.573348', '2025-10-15 14:37:49.573348') RETURNING "key" /*application='Enzucas'*/[0m
  [1m[36mActiveRecord::InternalMetadata Load (0.0ms)[0m  [1m[34mSELECT * FROM "ar_internal_metadata" WHERE "ar_internal_metadata"."key" = 'environment' ORDER BY "ar_internal_metadata"."key" ASC LIMIT 1 /*application='Enzucas'*/[0m
  [1m[36mActiveRecord::InternalMetadata Load (0.0ms)[0m  [1m[34mSELECT * FROM "ar_internal_metadata" WHERE "ar_internal_metadata"."key" = 'schema_sha1' ORDER BY "ar_internal_metadata"."key" ASC LIMIT 1 /*application='Enzucas'*/[0m
  [1m[36mActiveRecord::InternalMetadata Create (0.0ms)[0m  [1m[32mINSERT INTO "ar_internal_metadata" ("key", "value", "created_at", "updated_at") VALUES ('schema_sha1', '3701ad173303cf3e3378335d9c4e7daab04353ec', '2025-10-15 14:37:49.574154', '2025-10-15 14:37:49.574154') RETURNING "key" /*application='Enzucas'*/[0m
  [1m[36mActiveRecord::InternalMetadata Load (0.0ms)[0m  [1m[34mSELECT * FROM "ar_internal_metadata" WHERE "ar_internal_metadata"."key" = 'environment' ORDER BY "ar_internal_metadata"."key" ASC LIMIT 1 /*application='Enzucas'*/[0m
  [1m[36mActiveRecord::SchemaMigration Load (0.0ms)[0m  [1m[34mSELECT "schema_migrations"."version" FROM "schema_migrations" ORDER BY "schema_migrations"."version" ASC /*application='Enzucas'*/[0m
  [1m[36mActiveRecord::SchemaMigration Load (0.0ms)[0m  [1m[34mSELECT "schema_migrations"."version" FROM "schema_migrations" ORDER BY "schema_migrations"."version" ASC /*application='Enzucas'*/[0m
  [1m[36mActiveRecord::SchemaMigration Load (0.1ms)[0m  [1m[34mSELECT "schema_migrations"."version" FROM "schema_migrations" ORDER BY "schema_migrations"."version" ASC /*application='Enzucas'*/[0m
  [1m[36mTRANSACTION (0.0ms)[0m  [1m[35mBEGIN immediate TRANSACTION /*application='Enzucas'*/[0m
  [1m[36mUser Create (0.4ms)[0m  [1m[32mINSERT INTO "users" ("first_name", "last_name", "description", "email", "encrypted_password", "created_at", "updated_at") VALUES ('enzo', 'lucas', 'envoie des mails salop', 'enzo@luca.com', 'abcdefgh', '2025-10-15 14:38:02.894287', '2025-10-15 14:38:02.894287') RETURNING "id" /*application='Enzucas'*/[0m
  Rendering layout layouts/mailer.html.erb
  Rendering user_mailer/welcome_email.html.erb within layouts/mailer
  Rendered user_mailer/welcome_email.html.erb within layouts/mailer (Duration: 1.6ms | GC: 0.0ms)
  Rendered layout layouts/mailer.html.erb (Duration: 1.7ms | GC: 0.0ms)
UserMailer#welcome_email: processed outbound mail in 528.3ms
  [1m[36mTRANSACTION (0.0ms)[0m  [1m[31mROLLBACK TRANSACTION /*application='Enzucas'*/[0m
  [1m[36mTRANSACTION (0.1ms)[0m  [1m[35mBEGIN immediate TRANSACTION /*application='Enzucas'*/[0m
  [1m[36mUser Create (1.8ms)[0m  [1m[32mINSERT INTO "users" ("first_name", "last_name", "description", "email", "encrypted_password", "created_at", "updated_at") VALUES ('enzo', 'lucas', 'envoie des mails salop', 'enzo@luca.com', 'abcdefgh', '2025-10-15 14:39:23.258159', '2025-10-15 14:39:23.258159') RETURNING "id" /*application='Enzucas'*/[0m
  Rendering layout layouts/mailer.html.erb
  Rendering user_mailer/welcome_email.html.erb within layouts/mailer
  Rendered user_mailer/welcome_email.html.erb within layouts/mailer (Duration: 1.1ms | GC: 0.4ms)
  Rendered layout layouts/mailer.html.erb (Duration: 1.4ms | GC: 0.4ms)
UserMailer#welcome_email: processed outbound mail in 3.6ms
  [1m[36mTRANSACTION (0.1ms)[0m  [1m[31mROLLBACK TRANSACTION /*application='Enzucas'*/[0m
  [1m[36mTRANSACTION (0.0ms)[0m  [1m[35mBEGIN immediate TRANSACTION /*application='Enzucas'*/[0m
  [1m[36mUser Create (0.4ms)[0m  [1m[32mINSERT INTO "users" ("first_name", "last_name", "description", "email", "encrypted_password", "created_at", "updated_at") VALUES ('enzo', 'lucas', 'envoie des mails salop', 'enzo@luca.com', 'abcdefgh', '2025-10-15 14:43:10.661195', '2025-10-15 14:43:10.661195') RETURNING "id" /*application='Enzucas'*/[0m
  Rendering layout layouts/mailer.html.erb
  Rendering user_mailer/welcome_email.html.erb within layouts/mailer
  Rendered user_mailer/welcome_email.html.erb within layouts/mailer (Duration: 0.2ms | GC: 0.0ms)
  Rendered layout layouts/mailer.html.erb (Duration: 0.4ms | GC: 0.0ms)
  Rendering layout layouts/mailer.text.erb
  Rendering user_mailer/welcome_email.text.erb within layouts/mailer
  Rendered user_mailer/welcome_email.text.erb within layouts/mailer (Duration: 0.1ms | GC: 0.0ms)
  Rendered layout layouts/mailer.text.erb (Duration: 0.2ms | GC: 0.0ms)
UserMailer#welcome_email: processed outbound mail in 108.4ms
Delivered mail 68efb2fec36c3_7185660-4c2@MacBook-Air.local.mail (27.2ms)
Date: Wed, 15 Oct 2025 16:43:10 +0200
From: no-reply@monsite.fr
To: enzo@luca.com
Message-ID: <68efb2fec36c3_7185660-4c2@MacBook-Air.local.mail>
Subject: Bienvenue chez nous !
Mime-Version: 1.0
Content-Type: multipart/alternative;
 boundary="--==_mimepart_68efb2fec2d34_7185660-559";
 charset=UTF-8
Content-Transfer-Encoding: 7bit


----==_mimepart_68efb2fec2d34_7185660-559
Content-Type: text/plain;
 charset=UTF-8
Content-Transfer-Encoding: base64

U2FsdXQgZW56byBldCBiaWVudmVudWUgY2hleiBub3VzICENCj09PT09PT09
PT09PT09PT09PT09PT09PT09PT09PT09PT09PT09PT09PT09PT09PT09PT09
PT09PT0NCg0KVHUgdCdlcyBpbnNjcml0IHN1ciBFbnpsdWNhcy5mciBlbiB1
dGlsaXNhbnQgbCdlLW1haWwgc3VpdmFudCA6IGVuem9AbHVjYS5jb20uDQoN
ClBvdXIgYWNjw6lkZXIgw6AgdG9uIGVzcGFjZSBjbGllbnQsIGNvbm5lY3Rl
LXRvaSB2aWEgOiBodHRwOi8vbW9uc2l0ZS5mci9sb2dpbi4NCg0Kw4AgdHLD
qHMgdml0ZSBzdXIgRW56bHVjYXMgaW5kdXN0cnkgIQ0K

----==_mimepart_68efb2fec2d34_7185660-559
Content-Type: text/html;
 charset=UTF-8
Content-Transfer-Encoding: quoted-printable

<!-- BEGIN app/views/layouts/mailer.html.erb --><!DOCTYPE html>
<html>
  <head>
    <meta http-equiv=3D"Content-Type" content=3D"text/html; charset=3Dutf=
-8">
    <style>
      /* Email styles need to be inline */
    </style>
  </head>

  <body>
    <!-- BEGIN app/views/user_mailer/welcome_email.html.erb --><!DOCTYPE =
html>
<html>
  <head>
    <meta content=3D'text/html; charset=3DUTF-8' http-equiv=3D'Content-Ty=
pe' />
  </head>
  <body>
    <h1>Salut enzo et bienvenue chez Lucenzo industry! !</h1>
    <p>
      Tu t'es inscrit sur notre site de bg du nord en utilisant l'e-mail =
suivant : enzo@luca.com.
    </p>
    <p>
      Pour acc=C3=A9der =C3=A0 ton espace client, connecte-toi via : http=
://monsite.fr/login.
    </p>
    <p> =C3=80 tr=C3=A8s vite sur Lucenzo industry!!
  </body>
</html><!-- END app/views/user_mailer/welcome_email.html.erb -->
  </body>
</html>
<!-- END app/views/layouts/mailer.html.erb -->=

----==_mimepart_68efb2fec2d34_7185660-559--

  [1m[36mTRANSACTION (0.2ms)[0m  [1m[35mCOMMIT TRANSACTION /*application='Enzucas'*/[0m
  [1m[36mActiveRecord::InternalMetadata Load (0.2ms)[0m  [1m[34mSELECT * FROM "ar_internal_metadata" WHERE "ar_internal_metadata"."key" = 'environment' ORDER BY "ar_internal_metadata"."key" ASC LIMIT 1 /*application='Enzucas'*/[0m
  [1m[36mActiveRecord::SchemaMigration Load (0.0ms)[0m  [1m[34mSELECT "schema_migrations"."version" FROM "schema_migrations" ORDER BY "schema_migrations"."version" ASC /*application='Enzucas'*/[0m
Migrating to AddDeviseToUsers (20251015145230)
  [1m[36mTRANSACTION (0.0ms)[0m  [1m[35mBEGIN immediate TRANSACTION /*application='Enzucas'*/[0m
  [1m[35m (0.5ms)[0m  [1m[35mALTER TABLE "users" ADD "email" varchar DEFAULT '' NOT NULL /*application='Enzucas'*/[0m
  [1m[36mTRANSACTION (0.0ms)[0m  [1m[31mROLLBACK TRANSACTION /*application='Enzucas'*/[0m
  [1m[36mActiveRecord::InternalMetadata Load (0.1ms)[0m  [1m[34mSELECT * FROM "ar_internal_metadata" WHERE "ar_internal_metadata"."key" = 'environment' ORDER BY "ar_internal_metadata"."key" ASC LIMIT 1 /*application='Enzucas'*/[0m
  [1m[36mActiveRecord::SchemaMigration Load (0.0ms)[0m  [1m[34mSELECT "schema_migrations"."version" FROM "schema_migrations" ORDER BY "schema_migrations"."version" ASC /*application='Enzucas'*/[0m
Migrating to AddDeviseToUsers (20251015145230)
  [1m[36mTRANSACTION (0.0ms)[0m  [1m[35mBEGIN immediate TRANSACTION /*application='Enzucas'*/[0m
  [1m[35m (0.7ms)[0m  [1m[35mALTER TABLE "users" ADD "reset_password_token" varchar /*application='Enzucas'*/[0m
  [1m[35m (0.1ms)[0m  [1m[35mALTER TABLE "users" ADD "reset_password_sent_at" datetime(6) /*application='Enzucas'*/[0m
  [1m[35m (0.0ms)[0m  [1m[35mALTER TABLE "users" ADD "remember_created_at" datetime(6) /*application='Enzucas'*/[0m
  [1m[35m (0.3ms)[0m  [1m[35mCREATE UNIQUE INDEX "index_users_on_reset_password_token" ON "users" ("reset_password_token") /*application='Enzucas'*/[0m
  [1m[36mActiveRecord::SchemaMigration Create (0.0ms)[0m  [1m[32mINSERT INTO "schema_migrations" ("version") VALUES ('20251015145230') RETURNING "version" /*application='Enzucas'*/[0m
  [1m[36mTRANSACTION (0.1ms)[0m  [1m[35mCOMMIT TRANSACTION /*application='Enzucas'*/[0m
  [1m[36mActiveRecord::SchemaMigration Load (0.0ms)[0m  [1m[34mSELECT "schema_migrations"."version" FROM "schema_migrations" ORDER BY "schema_migrations"."version" ASC /*application='Enzucas'*/[0m
  [1m[36mActiveRecord::SchemaMigration Load (0.1ms)[0m  [1m[34mSELECT "schema_migrations"."version" FROM "schema_migrations" ORDER BY "schema_migrations"."version" ASC /*application='Enzucas'*/[0m
Started GET "/" for 127.0.0.1 at 2025-10-15 17:00:06 +0200
  [1m[36mActiveRecord::SchemaMigration Load (0.1ms)[0m  [1m[34mSELECT "schema_migrations"."version" FROM "schema_migrations" ORDER BY "schema_migrations"."version" ASC /*application='Enzucas'*/[0m
Processing by Rails::WelcomeController#index as HTML
  Rendering /Users/enzoulette/.rbenv/versions/3.4.2/lib/ruby/gems/3.4.0/gems/railties-8.0.3/lib/rails/templates/rails/welcome/index.html.erb
  Rendered /Users/enzoulette/.rbenv/versions/3.4.2/lib/ruby/gems/3.4.0/gems/railties-8.0.3/lib/rails/templates/rails/welcome/index.html.erb (Duration: 0.3ms | GC: 0.0ms)
Completed 200 OK in 107ms (Views: 1.5ms | ActiveRecord: 0.0ms (0 queries, 0 cached) | GC: 25.1ms)


Started GET "/users/sign_up" for 127.0.0.1 at 2025-10-15 17:00:25 +0200
Processing by Devise::RegistrationsController#new as HTML
  Rendering layout layouts/application.html.erb
  Rendering devise/registrations/new.html.erb within layouts/application
  Rendered devise/shared/_error_messages.html.erb (Duration: 0.1ms | GC: 0.0ms)
  Rendered devise/shared/_links.html.erb (Duration: 0.2ms | GC: 0.0ms)
  Rendered devise/registrations/new.html.erb within layouts/application (Duration: 4.9ms | GC: 0.0ms)
  Rendered layout layouts/application.html.erb (Duration: 8.2ms | GC: 0.0ms)
Completed 200 OK in 45ms (Views: 9.4ms | ActiveRecord: 0.8ms (0 queries, 0 cached) | GC: 0.0ms)


Started POST "/users" for 127.0.0.1 at 2025-10-15 17:00:57 +0200
Processing by Devise::RegistrationsController#create as TURBO_STREAM
  Parameters: {"authenticity_token" => "[FILTERED]", "user" => {"email" => "[FILTERED]", "password" => "[FILTERED]", "password_confirmation" => "[FILTERED]"}, "commit" => "Sign up"}
  [1m[36mTRANSACTION (0.1ms)[0m  [1m[35mBEGIN immediate TRANSACTION /*action='create',application='Enzucas',controller='registrations'*/[0m
  [1m[36mUser Exists? (0.8ms)[0m  [1m[34mSELECT 1 AS one FROM "users" WHERE "users"."email" = 'enzonatali75@gmail.com' LIMIT 1 /*action='create',application='Enzucas',controller='registrations'*/[0m
  [1m[36mUser Create (0.1ms)[0m  [1m[32mINSERT INTO "users" ("first_name", "last_name", "description", "email", "encrypted_password", "created_at", "updated_at", "reset_password_token", "reset_password_sent_at", "remember_created_at") VALUES (NULL, NULL, NULL, 'enzonatali75@gmail.com', '$2a$12$qc6tW6o88kmvmIB0Jw7ouOL2kA36um5usrVc1ZIDhGY3atLcJRl3W', '2025-10-15 15:00:57.887245', '2025-10-15 15:00:57.887245', NULL, NULL, NULL) RETURNING "id" /*action='create',application='Enzucas',controller='registrations'*/[0m
  Rendering layout layouts/mailer.html.erb
  Rendering user_mailer/welcome_email.html.erb within layouts/mailer
  Rendered user_mailer/welcome_email.html.erb within layouts/mailer (Duration: 0.2ms | GC: 0.0ms)
  Rendered layout layouts/mailer.html.erb (Duration: 0.3ms | GC: 0.0ms)
  Rendering layout layouts/mailer.text.erb
  Rendering user_mailer/welcome_email.text.erb within layouts/mailer
  Rendered user_mailer/welcome_email.text.erb within layouts/mailer (Duration: 0.1ms | GC: 0.0ms)
  Rendered layout layouts/mailer.text.erb (Duration: 0.2ms | GC: 0.0ms)
UserMailer#welcome_email: processed outbound mail in 3.1ms
Delivered mail 68efb729dd921_73501cd09095c@MacBook-Air.local.mail (10.7ms)
Date: Wed, 15 Oct 2025 17:00:57 +0200
From: no-reply@monsite.fr
To: enzonatali75@gmail.com
Message-ID: <68efb729dd921_73501cd09095c@MacBook-Air.local.mail>
Subject: Bienvenue chez nous !
Mime-Version: 1.0
Content-Type: multipart/alternative;
 boundary="--==_mimepart_68efb729dd4c0_73501cd090882";
 charset=UTF-8
Content-Transfer-Encoding: 7bit


----==_mimepart_68efb729dd4c0_73501cd090882
Content-Type: text/plain;
 charset=UTF-8
Content-Transfer-Encoding: base64

U2FsdXQgIGV0IGJpZW52ZW51ZSBjaGV6IG5vdXMgIQ0KPT09PT09PT09PT09
PT09PT09PT09PT09PT09PT09PT09PT09PT09PT09PT09PT09PT09PT09PT09
PQ0KDQpUdSB0J2VzIGluc2NyaXQgc3VyIEVuemx1Y2FzLmZyIGVuIHV0aWxp
c2FudCBsJ2UtbWFpbCBzdWl2YW50IDogZW56b25hdGFsaTc1QGdtYWlsLmNv
bS4NCg0KUG91ciBhY2PDqWRlciDDoCB0b24gZXNwYWNlIGNsaWVudCwgY29u
bmVjdGUtdG9pIHZpYSA6IGh0dHA6Ly9tb25zaXRlLmZyL2xvZ2luLg0KDQrD
gCB0csOocyB2aXRlIHN1ciBFbnpsdWNhcyBpbmR1c3RyeSAhDQo=

----==_mimepart_68efb729dd4c0_73501cd090882
Content-Type: text/html;
 charset=UTF-8
Content-Transfer-Encoding: quoted-printable

<!-- BEGIN app/views/layouts/mailer.html.erb --><!DOCTYPE html>
<html>
  <head>
    <meta http-equiv=3D"Content-Type" content=3D"text/html; charset=3Dutf=
-8">
    <style>
      /* Email styles need to be inline */
    </style>
  </head>

  <body>
    <!-- BEGIN app/views/user_mailer/welcome_email.html.erb --><!DOCTYPE =
html>
<html>
  <head>
    <meta content=3D'text/html; charset=3DUTF-8' http-equiv=3D'Content-Ty=
pe' />
  </head>
  <body>
    <h1>Salut  et bienvenue chez Lucenzo industry! !</h1>
    <p>
      Tu t'es inscrit sur notre site de bg du nord en utilisant l'e-mail =
suivant : enzonatali75@gmail.com.
    </p>
    <p>
      Pour acc=C3=A9der =C3=A0 ton espace client, connecte-toi via : http=
://monsite.fr/login.
    </p>
    <p> =C3=80 tr=C3=A8s vite sur Lucenzo industry!!
  </body>
</html><!-- END app/views/user_mailer/welcome_email.html.erb -->
  </body>
</html>
<!-- END app/views/layouts/mailer.html.erb -->=

----==_mimepart_68efb729dd4c0_73501cd090882--

  [1m[36mTRANSACTION (0.3ms)[0m  [1m[35mCOMMIT TRANSACTION /*action='create',application='Enzucas',controller='registrations'*/[0m
Redirected to http://127.0.0.1:3000/
Completed 303 See Other in 242ms (ActiveRecord: 1.1ms (2 queries, 0 cached) | GC: 0.0ms)


Started GET "/" for 127.0.0.1 at 2025-10-15 17:00:57 +0200
Processing by Rails::WelcomeController#index as TURBO_STREAM
  Rendering /Users/enzoulette/.rbenv/versions/3.4.2/lib/ruby/gems/3.4.0/gems/railties-8.0.3/lib/rails/templates/rails/welcome/index.html.erb
  Rendered /Users/enzoulette/.rbenv/versions/3.4.2/lib/ruby/gems/3.4.0/gems/railties-8.0.3/lib/rails/templates/rails/welcome/index.html.erb (Duration: 0.1ms | GC: 0.0ms)
Completed 200 OK in 15ms (Views: 0.2ms | ActiveRecord: 0.0ms (0 queries, 0 cached) | GC: 0.0ms)


Started GET "/" for 127.0.0.1 at 2025-10-15 17:00:58 +0200
Processing by Rails::WelcomeController#index as HTML
  Rendering /Users/enzoulette/.rbenv/versions/3.4.2/lib/ruby/gems/3.4.0/gems/railties-8.0.3/lib/rails/templates/rails/welcome/index.html.erb
  Rendered /Users/enzoulette/.rbenv/versions/3.4.2/lib/ruby/gems/3.4.0/gems/railties-8.0.3/lib/rails/templates/rails/welcome/index.html.erb (Duration: 0.1ms | GC: 0.0ms)
Completed 200 OK in 22ms (Views: 0.2ms | ActiveRecord: 0.0ms (0 queries, 0 cached) | GC: 0.0ms)


Started GET "/" for 127.0.0.1 at 2025-10-15 17:03:47 +0200
  [1m[36mActiveRecord::SchemaMigration Load (0.1ms)[0m  [1m[34mSELECT "schema_migrations"."version" FROM "schema_migrations" ORDER BY "schema_migrations"."version" ASC /*application='Enzucas'*/[0m
Processing by StaticPagesController#index as HTML
  Rendering layout layouts/application.html.erb
  Rendering static_pages/index.html.erb within layouts/application
  [1m[36mUser Load (0.2ms)[0m  [1m[34mSELECT "users".* FROM "users" WHERE "users"."id" = 2 ORDER BY "users"."id" ASC LIMIT 1 /*action='index',application='Enzucas',controller='static_pages'*/[0m
  ↳ app/views/static_pages/index.html.erb:2
  Rendered static_pages/index.html.erb within layouts/application (Duration: 7.8ms | GC: 0.0ms)
  Rendered layout layouts/application.html.erb (Duration: 11.5ms | GC: 0.0ms)
Completed 200 OK in 101ms (Views: 12.0ms | ActiveRecord: 0.9ms (1 query, 0 cached) | GC: 8.8ms)


Started GET "/static_pages/secret" for 127.0.0.1 at 2025-10-15 17:04:00 +0200
Processing by StaticPagesController#secret as HTML
  Rendering layout layouts/application.html.erb
  Rendering static_pages/secret.html.erb within layouts/application
  Rendered static_pages/secret.html.erb within layouts/application (Duration: 0.1ms | GC: 0.0ms)
  Rendered layout layouts/application.html.erb (Duration: 0.6ms | GC: 0.0ms)
Completed 200 OK in 20ms (Views: 0.7ms | ActiveRecord: 0.0ms (0 queries, 0 cached) | GC: 0.0ms)


Started GET "/users/edit" for 127.0.0.1 at 2025-10-15 17:04:00 +0200
Processing by Devise::RegistrationsController#edit as HTML
  [1m[36mUser Load (0.3ms)[0m  [1m[34mSELECT "users".* FROM "users" WHERE "users"."id" = 2 ORDER BY "users"."id" ASC LIMIT 1 /*action='edit',application='Enzucas',controller='registrations'*/[0m
  Rendering layout layouts/application.html.erb
  Rendering devise/registrations/edit.html.erb within layouts/application
  Rendered devise/shared/_error_messages.html.erb (Duration: 0.7ms | GC: 0.5ms)
  Rendered devise/registrations/edit.html.erb within layouts/application (Duration: 11.8ms | GC: 8.2ms)
  Rendered layout layouts/application.html.erb (Duration: 12.7ms | GC: 8.8ms)
Completed 200 OK in 37ms (Views: 15.9ms | ActiveRecord: 0.3ms (1 query, 0 cached) | GC: 10.9ms)


Started GET "/static_pages/secret" for 127.0.0.1 at 2025-10-15 17:04:01 +0200
Processing by StaticPagesController#secret as HTML
  Rendering layout layouts/application.html.erb
  Rendering static_pages/secret.html.erb within layouts/application
  Rendered static_pages/secret.html.erb within layouts/application (Duration: 0.0ms | GC: 0.0ms)
  Rendered layout layouts/application.html.erb (Duration: 2.5ms | GC: 1.9ms)
Completed 200 OK in 21ms (Views: 3.6ms | ActiveRecord: 0.0ms (0 queries, 0 cached) | GC: 2.7ms)


Started GET "/users/edit" for 127.0.0.1 at 2025-10-15 17:04:01 +0200
Processing by Devise::RegistrationsController#edit as HTML
  [1m[36mUser Load (0.1ms)[0m  [1m[34mSELECT "users".* FROM "users" WHERE "users"."id" = 2 ORDER BY "users"."id" ASC LIMIT 1 /*action='edit',application='Enzucas',controller='registrations'*/[0m
  Rendering layout layouts/application.html.erb
  Rendering devise/registrations/edit.html.erb within layouts/application
  Rendered devise/shared/_error_messages.html.erb (Duration: 0.0ms | GC: 0.0ms)
  Rendered devise/registrations/edit.html.erb within layouts/application (Duration: 0.7ms | GC: 0.0ms)
  Rendered layout layouts/application.html.erb (Duration: 0.9ms | GC: 0.0ms)
Completed 200 OK in 21ms (Views: 1.0ms | ActiveRecord: 0.1ms (1 query, 0 cached) | GC: 0.0ms)


Started GET "/" for 127.0.0.1 at 2025-10-15 17:04:04 +0200
Processing by StaticPagesController#index as HTML
  Rendering layout layouts/application.html.erb
  Rendering static_pages/index.html.erb within layouts/application
  [1m[36mUser Load (0.1ms)[0m  [1m[34mSELECT "users".* FROM "users" WHERE "users"."id" = 2 ORDER BY "users"."id" ASC LIMIT 1 /*action='index',application='Enzucas',controller='static_pages'*/[0m
  ↳ app/views/static_pages/index.html.erb:2
  Rendered static_pages/index.html.erb within layouts/application (Duration: 0.9ms | GC: 0.0ms)
  Rendered layout layouts/application.html.erb (Duration: 1.2ms | GC: 0.0ms)
Completed 200 OK in 21ms (Views: 1.2ms | ActiveRecord: 0.1ms (1 query, 0 cached) | GC: 0.0ms)


Started DELETE "/users/sign_out?_method=delete" for 127.0.0.1 at 2025-10-15 17:04:06 +0200
Processing by Devise::SessionsController#destroy as TURBO_STREAM
  [1m[36mUser Load (0.2ms)[0m  [1m[34mSELECT "users".* FROM "users" WHERE "users"."id" = 2 ORDER BY "users"."id" ASC LIMIT 1 /*action='destroy',application='Enzucas',controller='sessions'*/[0m
Redirected to http://127.0.0.1:3000/
Completed 303 See Other in 23ms (ActiveRecord: 0.2ms (1 query, 0 cached) | GC: 0.5ms)


Started GET "/" for 127.0.0.1 at 2025-10-15 17:04:06 +0200
Processing by StaticPagesController#index as TURBO_STREAM
  Rendering layout layouts/application.html.erb
  Rendering static_pages/index.html.erb within layouts/application
  Rendered static_pages/index.html.erb within layouts/application (Duration: 0.5ms | GC: 0.0ms)
  Rendered layout layouts/application.html.erb (Duration: 0.7ms | GC: 0.0ms)
Completed 200 OK in 15ms (Views: 0.8ms | ActiveRecord: 0.0ms (0 queries, 0 cached) | GC: 0.0ms)


Started GET "/users/sign_in" for 127.0.0.1 at 2025-10-15 17:04:06 +0200
Processing by Devise::SessionsController#new as HTML
  Rendering layout layouts/application.html.erb
  Rendering devise/sessions/new.html.erb within layouts/application
  Rendered devise/shared/_links.html.erb (Duration: 0.2ms | GC: 0.0ms)
  Rendered devise/sessions/new.html.erb within layouts/application (Duration: 2.1ms | GC: 0.0ms)
  Rendered layout layouts/application.html.erb (Duration: 2.3ms | GC: 0.0ms)
Completed 200 OK in 18ms (Views: 2.8ms | ActiveRecord: 0.0ms (0 queries, 0 cached) | GC: 0.1ms)


Started GET "/users/sign_in" for 127.0.0.1 at 2025-10-15 17:04:07 +0200
Processing by Devise::SessionsController#new as HTML
  Rendering layout layouts/application.html.erb
  Rendering devise/sessions/new.html.erb within layouts/application
  Rendered devise/shared/_links.html.erb (Duration: 0.1ms | GC: 0.0ms)
  Rendered devise/sessions/new.html.erb within layouts/application (Duration: 0.6ms | GC: 0.0ms)
  Rendered layout layouts/application.html.erb (Duration: 0.8ms | GC: 0.0ms)
Completed 200 OK in 22ms (Views: 1.0ms | ActiveRecord: 0.0ms (0 queries, 0 cached) | GC: 0.2ms)


Started GET "/users/password/new" for 127.0.0.1 at 2025-10-15 17:04:09 +0200
Processing by Devise::PasswordsController#new as HTML
  Rendering layout layouts/application.html.erb
  Rendering devise/passwords/new.html.erb within layouts/application
  Rendered devise/shared/_error_messages.html.erb (Duration: 0.0ms | GC: 0.0ms)
  Rendered devise/shared/_links.html.erb (Duration: 0.1ms | GC: 0.0ms)
  Rendered devise/passwords/new.html.erb within layouts/application (Duration: 0.7ms | GC: 0.0ms)
  Rendered layout layouts/application.html.erb (Duration: 0.9ms | GC: 0.0ms)
Completed 200 OK in 21ms (Views: 1.1ms | ActiveRecord: 0.0ms (0 queries, 0 cached) | GC: 0.0ms)


Started GET "/users/sign_up" for 127.0.0.1 at 2025-10-15 17:04:09 +0200
Processing by Devise::RegistrationsController#new as HTML
  Rendering layout layouts/application.html.erb
  Rendering devise/registrations/new.html.erb within layouts/application
  Rendered devise/shared/_error_messages.html.erb (Duration: 0.0ms | GC: 0.0ms)
  Rendered devise/shared/_links.html.erb (Duration: 0.0ms | GC: 0.0ms)
  Rendered devise/registrations/new.html.erb within layouts/application (Duration: 0.7ms | GC: 0.0ms)
  Rendered layout layouts/application.html.erb (Duration: 0.9ms | GC: 0.0ms)
Completed 200 OK in 19ms (Views: 1.3ms | ActiveRecord: 0.0ms (0 queries, 0 cached) | GC: 0.0ms)


Started GET "/users/password/new" for 127.0.0.1 at 2025-10-15 17:04:09 +0200
Processing by Devise::PasswordsController#new as HTML
  Rendering layout layouts/application.html.erb
  Rendering devise/passwords/new.html.erb within layouts/application
  Rendered devise/shared/_error_messages.html.erb (Duration: 0.0ms | GC: 0.0ms)
  Rendered devise/shared/_links.html.erb (Duration: 0.1ms | GC: 0.0ms)
  Rendered devise/passwords/new.html.erb within layouts/application (Duration: 0.5ms | GC: 0.0ms)
  Rendered layout layouts/application.html.erb (Duration: 0.7ms | GC: 0.0ms)
Completed 200 OK in 21ms (Views: 0.8ms | ActiveRecord: 0.0ms (0 queries, 0 cached) | GC: 0.0ms)


Started GET "/users/sign_up" for 127.0.0.1 at 2025-10-15 17:04:10 +0200
Processing by Devise::RegistrationsController#new as HTML
  Rendering layout layouts/application.html.erb
  Rendering devise/registrations/new.html.erb within layouts/application
  Rendered devise/shared/_error_messages.html.erb (Duration: 0.0ms | GC: 0.0ms)
  Rendered devise/shared/_links.html.erb (Duration: 0.0ms | GC: 0.0ms)
  Rendered devise/registrations/new.html.erb within layouts/application (Duration: 0.6ms | GC: 0.0ms)
  Rendered layout layouts/application.html.erb (Duration: 0.8ms | GC: 0.0ms)
Completed 200 OK in 21ms (Views: 0.9ms | ActiveRecord: 0.0ms (0 queries, 0 cached) | GC: 0.0ms)


Started GET "/users/sign_up" for 127.0.0.1 at 2025-10-15 17:04:11 +0200
Processing by Devise::RegistrationsController#new as HTML
  Rendering layout layouts/application.html.erb
  Rendering devise/registrations/new.html.erb within layouts/application
  Rendered devise/shared/_error_messages.html.erb (Duration: 0.0ms | GC: 0.0ms)
  Rendered devise/shared/_links.html.erb (Duration: 0.0ms | GC: 0.0ms)
  Rendered devise/registrations/new.html.erb within layouts/application (Duration: 0.6ms | GC: 0.0ms)
  Rendered layout layouts/application.html.erb (Duration: 0.9ms | GC: 0.0ms)
Completed 200 OK in 21ms (Views: 1.0ms | ActiveRecord: 0.0ms (0 queries, 0 cached) | GC: 0.0ms)


Started GET "/users/sign_in" for 127.0.0.1 at 2025-10-15 17:04:12 +0200
Processing by Devise::SessionsController#new as HTML
  Rendering layout layouts/application.html.erb
  Rendering devise/sessions/new.html.erb within layouts/application
  Rendered devise/shared/_links.html.erb (Duration: 0.1ms | GC: 0.0ms)
  Rendered devise/sessions/new.html.erb within layouts/application (Duration: 0.6ms | GC: 0.0ms)
  Rendered layout layouts/application.html.erb (Duration: 0.8ms | GC: 0.0ms)
Completed 200 OK in 21ms (Views: 0.9ms | ActiveRecord: 0.0ms (0 queries, 0 cached) | GC: 0.0ms)


Started GET "/users/sign_up" for 127.0.0.1 at 2025-10-15 17:04:57 +0200
Processing by Devise::RegistrationsController#new as HTML
  Rendering layout layouts/application.html.erb
  Rendering devise/registrations/new.html.erb within layouts/application
  Rendered devise/shared/_error_messages.html.erb (Duration: 0.0ms | GC: 0.0ms)
  Rendered devise/shared/_links.html.erb (Duration: 0.1ms | GC: 0.0ms)
  Rendered devise/registrations/new.html.erb within layouts/application (Duration: 0.7ms | GC: 0.0ms)
  Rendered layout layouts/application.html.erb (Duration: 1.0ms | GC: 0.0ms)
Completed 200 OK in 21ms (Views: 1.2ms | ActiveRecord: 0.0ms (0 queries, 0 cached) | GC: 0.0ms)


Started GET "/users/sign_in" for 127.0.0.1 at 2025-10-15 17:04:57 +0200
Processing by Devise::SessionsController#new as HTML
  Rendering layout layouts/application.html.erb
  Rendering devise/sessions/new.html.erb within layouts/application
  Rendered devise/shared/_links.html.erb (Duration: 0.1ms | GC: 0.0ms)
  Rendered devise/sessions/new.html.erb within layouts/application (Duration: 0.6ms | GC: 0.0ms)
  Rendered layout layouts/application.html.erb (Duration: 0.8ms | GC: 0.0ms)
Completed 200 OK in 21ms (Views: 1.0ms | ActiveRecord: 0.0ms (0 queries, 0 cached) | GC: 0.0ms)


Started GET "/users/password/new" for 127.0.0.1 at 2025-10-15 17:04:58 +0200
Processing by Devise::PasswordsController#new as HTML
  Rendering layout layouts/application.html.erb
  Rendering devise/passwords/new.html.erb within layouts/application
  Rendered devise/shared/_error_messages.html.erb (Duration: 0.0ms | GC: 0.0ms)
  Rendered devise/shared/_links.html.erb (Duration: 0.1ms | GC: 0.0ms)
  Rendered devise/passwords/new.html.erb within layouts/application (Duration: 0.6ms | GC: 0.0ms)
  Rendered layout layouts/application.html.erb (Duration: 0.8ms | GC: 0.0ms)
Completed 200 OK in 19ms (Views: 0.9ms | ActiveRecord: 0.0ms (0 queries, 0 cached) | GC: 0.0ms)


Started POST "/users/sign_in" for 127.0.0.1 at 2025-10-15 17:04:59 +0200
Processing by Devise::SessionsController#create as TURBO_STREAM
  Parameters: {"authenticity_token" => "[FILTERED]", "user" => {"email" => "[FILTERED]", "password" => "[FILTERED]", "remember_me" => "0"}, "commit" => "Log in"}
  [1m[36mUser Load (0.1ms)[0m  [1m[34mSELECT "users".* FROM "users" WHERE "users"."email" = 'enzonatali75@gmail.com' ORDER BY "users"."id" ASC LIMIT 1 /*action='create',application='Enzucas',controller='sessions'*/[0m
Redirected to http://127.0.0.1:3000/
Completed 303 See Other in 209ms (ActiveRecord: 0.1ms (1 query, 0 cached) | GC: 0.0ms)


Started GET "/" for 127.0.0.1 at 2025-10-15 17:04:59 +0200
Processing by StaticPagesController#index as TURBO_STREAM
  Rendering layout layouts/application.html.erb
  Rendering static_pages/index.html.erb within layouts/application
  [1m[36mUser Load (0.1ms)[0m  [1m[34mSELECT "users".* FROM "users" WHERE "users"."id" = 2 ORDER BY "users"."id" ASC LIMIT 1 /*action='index',application='Enzucas',controller='static_pages'*/[0m
  ↳ app/views/static_pages/index.html.erb:2
  Rendered static_pages/index.html.erb within layouts/application (Duration: 0.8ms | GC: 0.0ms)
  Rendered layout layouts/application.html.erb (Duration: 1.0ms | GC: 0.0ms)
Completed 200 OK in 15ms (Views: 1.1ms | ActiveRecord: 0.1ms (1 query, 0 cached) | GC: 0.0ms)


Started GET "/users/edit" for 127.0.0.1 at 2025-10-15 17:08:16 +0200
Processing by Devise::RegistrationsController#edit as HTML
  [1m[36mUser Load (0.2ms)[0m  [1m[34mSELECT "users".* FROM "users" WHERE "users"."id" = 2 ORDER BY "users"."id" ASC LIMIT 1 /*action='edit',application='Enzucas',controller='registrations'*/[0m
  Rendering layout layouts/application.html.erb
  Rendering devise/registrations/edit.html.erb within layouts/application
  Rendered devise/shared/_error_messages.html.erb (Duration: 0.0ms | GC: 0.0ms)
  Rendered devise/registrations/edit.html.erb within layouts/application (Duration: 0.8ms | GC: 0.0ms)
  Rendered layout layouts/application.html.erb (Duration: 1.0ms | GC: 0.0ms)
Completed 200 OK in 23ms (Views: 1.2ms | ActiveRecord: 0.2ms (1 query, 0 cached) | GC: 0.0ms)


Started GET "/users/edit" for 127.0.0.1 at 2025-10-15 17:08:36 +0200
Processing by Devise::RegistrationsController#edit as HTML
  [1m[36mUser Load (0.2ms)[0m  [1m[34mSELECT "users".* FROM "users" WHERE "users"."id" = 2 ORDER BY "users"."id" ASC LIMIT 1 /*action='edit',application='Enzucas',controller='registrations'*/[0m
  Rendering layout layouts/application.html.erb
  Rendering devise/registrations/edit.html.erb within layouts/application
  Rendered devise/shared/_error_messages.html.erb (Duration: 0.0ms | GC: 0.0ms)
  Rendered devise/registrations/edit.html.erb within layouts/application (Duration: 0.7ms | GC: 0.0ms)
  Rendered layout layouts/application.html.erb (Duration: 0.9ms | GC: 0.0ms)
Completed 200 OK in 22ms (Views: 1.0ms | ActiveRecord: 0.2ms (1 query, 0 cached) | GC: 0.0ms)


Started GET "/static_pages/secret" for 127.0.0.1 at 2025-10-15 17:08:36 +0200
Processing by StaticPagesController#secret as HTML
  Rendering layout layouts/application.html.erb
  Rendering static_pages/secret.html.erb within layouts/application
  Rendered static_pages/secret.html.erb within layouts/application (Duration: 0.0ms | GC: 0.0ms)
  Rendered layout layouts/application.html.erb (Duration: 0.3ms | GC: 0.0ms)
Completed 200 OK in 20ms (Views: 0.4ms | ActiveRecord: 0.0ms (0 queries, 0 cached) | GC: 0.0ms)


Started GET "/users/edit" for 127.0.0.1 at 2025-10-15 17:08:36 +0200
Processing by Devise::RegistrationsController#edit as HTML
  [1m[36mUser Load (0.1ms)[0m  [1m[34mSELECT "users".* FROM "users" WHERE "users"."id" = 2 ORDER BY "users"."id" ASC LIMIT 1 /*action='edit',application='Enzucas',controller='registrations'*/[0m
  Rendering layout layouts/application.html.erb
  Rendering devise/registrations/edit.html.erb within layouts/application
  Rendered devise/shared/_error_messages.html.erb (Duration: 0.0ms | GC: 0.0ms)
  Rendered devise/registrations/edit.html.erb within layouts/application (Duration: 0.6ms | GC: 0.0ms)
  Rendered layout layouts/application.html.erb (Duration: 0.8ms | GC: 0.0ms)
Completed 200 OK in 22ms (Views: 0.9ms | ActiveRecord: 0.1ms (1 query, 0 cached) | GC: 0.0ms)


Started DELETE "/users/sign_out?_method=delete" for 127.0.0.1 at 2025-10-15 17:08:38 +0200
Processing by Devise::SessionsController#destroy as TURBO_STREAM
  [1m[36mUser Load (0.2ms)[0m  [1m[34mSELECT "users".* FROM "users" WHERE "users"."id" = 2 ORDER BY "users"."id" ASC LIMIT 1 /*action='destroy',application='Enzucas',controller='sessions'*/[0m
Redirected to http://127.0.0.1:3000/
Completed 303 See Other in 21ms (ActiveRecord: 0.2ms (1 query, 0 cached) | GC: 0.0ms)


Started GET "/" for 127.0.0.1 at 2025-10-15 17:08:38 +0200
Processing by StaticPagesController#index as TURBO_STREAM
  Rendering layout layouts/application.html.erb
  Rendering static_pages/index.html.erb within layouts/application
  Rendered static_pages/index.html.erb within layouts/application (Duration: 0.2ms | GC: 0.0ms)
  Rendered layout layouts/application.html.erb (Duration: 0.4ms | GC: 0.0ms)
Completed 200 OK in 16ms (Views: 0.5ms | ActiveRecord: 0.0ms (0 queries, 0 cached) | GC: 0.0ms)


Started GET "/users/edit" for 127.0.0.1 at 2025-10-15 17:08:48 +0200
Processing by Devise::RegistrationsController#edit as HTML
Completed 401 Unauthorized in 0ms (ActiveRecord: 0.0ms (0 queries, 0 cached) | GC: 0.0ms)


Started GET "/users/sign_in" for 127.0.0.1 at 2025-10-15 17:08:48 +0200
Processing by Devise::SessionsController#new as HTML
  Rendering layout layouts/application.html.erb
  Rendering devise/sessions/new.html.erb within layouts/application
  Rendered devise/shared/_links.html.erb (Duration: 0.1ms | GC: 0.0ms)
  Rendered devise/sessions/new.html.erb within layouts/application (Duration: 0.6ms | GC: 0.0ms)
  Rendered layout layouts/application.html.erb (Duration: 0.8ms | GC: 0.0ms)
Completed 200 OK in 19ms (Views: 1.0ms | ActiveRecord: 0.0ms (0 queries, 0 cached) | GC: 0.0ms)


Started POST "/users/sign_in" for 127.0.0.1 at 2025-10-15 17:09:02 +0200
Processing by Devise::SessionsController#create as TURBO_STREAM
  Parameters: {"authenticity_token" => "[FILTERED]", "user" => {"email" => "[FILTERED]", "password" => "[FILTERED]", "remember_me" => "1"}, "commit" => "Log in"}
  [1m[36mUser Load (0.1ms)[0m  [1m[34mSELECT "users".* FROM "users" WHERE "users"."email" = 'enzonatali75@gmail.com' ORDER BY "users"."id" ASC LIMIT 1 /*action='create',application='Enzucas',controller='sessions'*/[0m
  [1m[36mTRANSACTION (0.0ms)[0m  [1m[35mBEGIN immediate TRANSACTION /*action='create',application='Enzucas',controller='sessions'*/[0m
  [1m[36mUser Update (0.6ms)[0m  [1m[33mUPDATE "users" SET "updated_at" = '2025-10-15 15:09:02.831135', "remember_created_at" = '2025-10-15 15:09:02.830950' WHERE "users"."id" = 2 /*action='create',application='Enzucas',controller='sessions'*/[0m
  [1m[36mTRANSACTION (0.8ms)[0m  [1m[35mCOMMIT TRANSACTION /*action='create',application='Enzucas',controller='sessions'*/[0m
Redirected to http://127.0.0.1:3000/users/edit
Completed 303 See Other in 203ms (ActiveRecord: 1.5ms (2 queries, 0 cached) | GC: 0.0ms)


Started GET "/users/edit" for 127.0.0.1 at 2025-10-15 17:09:02 +0200
Processing by Devise::RegistrationsController#edit as TURBO_STREAM
  [1m[36mUser Load (0.0ms)[0m  [1m[34mSELECT "users".* FROM "users" WHERE "users"."id" = 2 ORDER BY "users"."id" ASC LIMIT 1 /*action='edit',application='Enzucas',controller='registrations'*/[0m
  Rendering layout layouts/application.html.erb
  Rendering devise/registrations/edit.html.erb within layouts/application
  Rendered devise/shared/_error_messages.html.erb (Duration: 0.0ms | GC: 0.0ms)
  Rendered devise/registrations/edit.html.erb within layouts/application (Duration: 0.5ms | GC: 0.0ms)
  Rendered layout layouts/application.html.erb (Duration: 0.7ms | GC: 0.0ms)
Completed 200 OK in 15ms (Views: 0.8ms | ActiveRecord: 0.0ms (1 query, 0 cached) | GC: 0.0ms)


Started GET "/" for 127.0.0.1 at 2025-10-15 17:09:08 +0200
Processing by StaticPagesController#index as HTML
  Rendering layout layouts/application.html.erb
  Rendering static_pages/index.html.erb within layouts/application
  [1m[36mUser Load (0.1ms)[0m  [1m[34mSELECT "users".* FROM "users" WHERE "users"."id" = 2 ORDER BY "users"."id" ASC LIMIT 1 /*action='index',application='Enzucas',controller='static_pages'*/[0m
  ↳ app/views/static_pages/index.html.erb:2
  Rendered static_pages/index.html.erb within layouts/application (Duration: 0.9ms | GC: 0.0ms)
  Rendered layout layouts/application.html.erb (Duration: 1.2ms | GC: 0.0ms)
Completed 200 OK in 20ms (Views: 1.2ms | ActiveRecord: 0.1ms (1 query, 0 cached) | GC: 0.0ms)


Started GET "/static_pages/secret" for 127.0.0.1 at 2025-10-15 17:09:16 +0200
Processing by StaticPagesController#secret as HTML
  Rendering layout layouts/application.html.erb
  Rendering static_pages/secret.html.erb within layouts/application
  Rendered static_pages/secret.html.erb within layouts/application (Duration: 0.0ms | GC: 0.0ms)
  Rendered layout layouts/application.html.erb (Duration: 0.5ms | GC: 0.0ms)
Completed 200 OK in 21ms (Views: 0.6ms | ActiveRecord: 0.0ms (0 queries, 0 cached) | GC: 0.0ms)


Started GET "/users/sign_in" for 127.0.0.1 at 2025-10-15 17:10:14 +0200
Processing by Devise::SessionsController#new as HTML
  [1m[36mUser Load (0.0ms)[0m  [1m[34mSELECT "users".* FROM "users" WHERE "users"."id" = 2 ORDER BY "users"."id" ASC LIMIT 1 /*action='new',application='Enzucas',controller='sessions'*/[0m
Redirected to http://127.0.0.1:3000/
Filter chain halted as :require_no_authentication rendered or redirected
Completed 302 Found in 3ms (ActiveRecord: 0.6ms (1 query, 0 cached) | GC: 0.0ms)


Started GET "/" for 127.0.0.1 at 2025-10-15 17:10:14 +0200
Processing by StaticPagesController#index as HTML
  Rendering layout layouts/application.html.erb
  Rendering static_pages/index.html.erb within layouts/application
  [1m[36mUser Load (0.1ms)[0m  [1m[34mSELECT "users".* FROM "users" WHERE "users"."id" = 2 ORDER BY "users"."id" ASC LIMIT 1 /*action='index',application='Enzucas',controller='static_pages'*/[0m
  ↳ app/views/static_pages/index.html.erb:2
  Rendered static_pages/index.html.erb within layouts/application (Duration: 0.8ms | GC: 0.0ms)
  Rendered layout layouts/application.html.erb (Duration: 1.6ms | GC: 0.0ms)
Completed 200 OK in 17ms (Views: 2.0ms | ActiveRecord: 0.0ms (1 query, 0 cached) | GC: 0.0ms)


Started DELETE "/users/sign_out?_method=delete" for 127.0.0.1 at 2025-10-15 17:10:15 +0200
Processing by Devise::SessionsController#destroy as TURBO_STREAM
  [1m[36mUser Load (0.1ms)[0m  [1m[34mSELECT "users".* FROM "users" WHERE "users"."id" = 2 ORDER BY "users"."id" ASC LIMIT 1 /*action='destroy',application='Enzucas',controller='sessions'*/[0m
  [1m[36mTRANSACTION (0.0ms)[0m  [1m[35mBEGIN immediate TRANSACTION /*action='destroy',application='Enzucas',controller='sessions'*/[0m
  [1m[36mUser Update (0.6ms)[0m  [1m[33mUPDATE "users" SET "updated_at" = '2025-10-15 15:10:15.860693', "remember_created_at" = NULL WHERE "users"."id" = 2 /*action='destroy',application='Enzucas',controller='sessions'*/[0m
  [1m[36mTRANSACTION (0.3ms)[0m  [1m[35mCOMMIT TRANSACTION /*action='destroy',application='Enzucas',controller='sessions'*/[0m
Redirected to http://127.0.0.1:3000/
Completed 303 See Other in 19ms (ActiveRecord: 1.0ms (2 queries, 0 cached) | GC: 0.0ms)


Started GET "/" for 127.0.0.1 at 2025-10-15 17:10:15 +0200
Processing by StaticPagesController#index as TURBO_STREAM
  Rendering layout layouts/application.html.erb
  Rendering static_pages/index.html.erb within layouts/application
  Rendered static_pages/index.html.erb within layouts/application (Duration: 0.2ms | GC: 0.0ms)
  Rendered layout layouts/application.html.erb (Duration: 0.5ms | GC: 0.0ms)
Completed 200 OK in 14ms (Views: 0.6ms | ActiveRecord: 0.0ms (0 queries, 0 cached) | GC: 0.0ms)


Started GET "/static_pages/secret" for 127.0.0.1 at 2025-10-15 17:10:21 +0200
Processing by StaticPagesController#secret as HTML
Completed 401 Unauthorized in 20ms (ActiveRecord: 0.0ms (0 queries, 0 cached) | GC: 0.0ms)


Started GET "/users/sign_in" for 127.0.0.1 at 2025-10-15 17:10:21 +0200
Processing by Devise::SessionsController#new as HTML
  Rendering layout layouts/application.html.erb
  Rendering devise/sessions/new.html.erb within layouts/application
  Rendered devise/shared/_links.html.erb (Duration: 0.3ms | GC: 0.0ms)
  Rendered devise/sessions/new.html.erb within layouts/application (Duration: 1.3ms | GC: 0.0ms)
  Rendered layout layouts/application.html.erb (Duration: 1.6ms | GC: 0.0ms)
Completed 200 OK in 19ms (Views: 2.4ms | ActiveRecord: 0.0ms (0 queries, 0 cached) | GC: 0.0ms)


Started POST "/users/sign_in" for 127.0.0.1 at 2025-10-15 17:10:28 +0200
Processing by Devise::SessionsController#create as TURBO_STREAM
  Parameters: {"authenticity_token" => "[FILTERED]", "user" => {"email" => "[FILTERED]", "password" => "[FILTERED]", "remember_me" => "0"}, "commit" => "Log in"}
  [1m[36mUser Load (0.1ms)[0m  [1m[34mSELECT "users".* FROM "users" WHERE "users"."email" = 'enzonatali75@gmail.com' ORDER BY "users"."id" ASC LIMIT 1 /*action='create',application='Enzucas',controller='sessions'*/[0m
Redirected to http://127.0.0.1:3000/static_pages/secret
Completed 303 See Other in 201ms (ActiveRecord: 0.1ms (1 query, 0 cached) | GC: 0.0ms)


Started GET "/static_pages/secret" for 127.0.0.1 at 2025-10-15 17:10:29 +0200
Processing by StaticPagesController#secret as TURBO_STREAM
  [1m[36mUser Load (0.0ms)[0m  [1m[34mSELECT "users".* FROM "users" WHERE "users"."id" = 2 ORDER BY "users"."id" ASC LIMIT 1 /*action='secret',application='Enzucas',controller='static_pages'*/[0m
  Rendering layout layouts/application.html.erb
  Rendering static_pages/secret.html.erb within layouts/application
  Rendered static_pages/secret.html.erb within layouts/application (Duration: 0.1ms | GC: 0.0ms)
  Rendered layout layouts/application.html.erb (Duration: 0.3ms | GC: 0.0ms)
Completed 200 OK in 15ms (Views: 0.4ms | ActiveRecord: 0.0ms (1 query, 0 cached) | GC: 0.0ms)


Started GET "/users/sign_in" for 127.0.0.1 at 2025-10-15 17:10:31 +0200
Processing by Devise::SessionsController#new as HTML
  [1m[36mUser Load (0.1ms)[0m  [1m[34mSELECT "users".* FROM "users" WHERE "users"."id" = 2 ORDER BY "users"."id" ASC LIMIT 1 /*action='new',application='Enzucas',controller='sessions'*/[0m
Redirected to http://127.0.0.1:3000/
Filter chain halted as :require_no_authentication rendered or redirected
Completed 302 Found in 1ms (ActiveRecord: 0.1ms (1 query, 0 cached) | GC: 0.0ms)


Started GET "/" for 127.0.0.1 at 2025-10-15 17:10:31 +0200
Processing by StaticPagesController#index as HTML
  Rendering layout layouts/application.html.erb
  Rendering static_pages/index.html.erb within layouts/application
  [1m[36mUser Load (0.1ms)[0m  [1m[34mSELECT "users".* FROM "users" WHERE "users"."id" = 2 ORDER BY "users"."id" ASC LIMIT 1 /*action='index',application='Enzucas',controller='static_pages'*/[0m
  ↳ app/views/static_pages/index.html.erb:2
  Rendered static_pages/index.html.erb within layouts/application (Duration: 0.8ms | GC: 0.0ms)
  Rendered layout layouts/application.html.erb (Duration: 1.1ms | GC: 0.0ms)
Completed 200 OK in 16ms (Views: 1.2ms | ActiveRecord: 0.1ms (1 query, 0 cached) | GC: 0.0ms)


Started GET "/" for 127.0.0.1 at 2025-10-15 17:16:12 +0200
Processing by StaticPagesController#index as HTML
  Rendering layout layouts/application.html.erb
  Rendering static_pages/index.html.erb within layouts/application
  [1m[36mUser Load (0.5ms)[0m  [1m[34mSELECT "users".* FROM "users" WHERE "users"."id" = 2 ORDER BY "users"."id" ASC LIMIT 1 /*action='index',application='Enzucas',controller='static_pages'*/[0m
  ↳ app/views/static_pages/index.html.erb:4
  Rendered static_pages/index.html.erb within layouts/application (Duration: 2.8ms | GC: 0.0ms)
  Rendered layout layouts/application.html.erb (Duration: 3.6ms | GC: 0.0ms)
Completed 200 OK in 20ms (Views: 3.7ms | ActiveRecord: 0.5ms (1 query, 0 cached) | GC: 0.0ms)


Started GET "/" for 127.0.0.1 at 2025-10-15 17:16:51 +0200
Processing by StaticPagesController#index as HTML
  Rendering layout layouts/application.html.erb
  Rendering static_pages/index.html.erb within layouts/application
  [1m[36mUser Load (0.0ms)[0m  [1m[34mSELECT "users".* FROM "users" WHERE "users"."id" = 2 ORDER BY "users"."id" ASC LIMIT 1 /*action='index',application='Enzucas',controller='static_pages'*/[0m
  ↳ app/views/static_pages/index.html.erb:3
  Rendered static_pages/index.html.erb within layouts/application (Duration: 3.2ms | GC: 0.0ms)
  Rendered layout layouts/application.html.erb (Duration: 4.2ms | GC: 0.0ms)
Completed 200 OK in 21ms (Views: 4.2ms | ActiveRecord: 0.6ms (1 query, 0 cached) | GC: 0.0ms)


Started GET "/" for 127.0.0.1 at 2025-10-15 17:18:27 +0200
Processing by StaticPagesController#index as HTML
  Rendering layout layouts/application.html.erb
  Rendering static_pages/index.html.erb within layouts/application
  Rendered static_pages/index.html.erb within layouts/application (Duration: 0.4ms | GC: 0.0ms)
  Rendered layout layouts/application.html.erb (Duration: 0.5ms | GC: 0.0ms)
Completed 500 Internal Server Error in 22ms (ActiveRecord: 0.0ms (0 queries, 0 cached) | GC: 0.0ms)


  
ActionView::SyntaxErrorInTemplate (Encountered a syntax error while rendering template: check <ul>
    <h1> Découvre les évenements de malade du coin </h1>
    <%= @event %>
    <li>
      <%= link_to "Sign out", destroy_user_session_path, data: {turbo_method: :delete} %>
    </li>

    <li>
      Voici ton email : <%= current_user.email %>
    </li>

    <li>
      <%= link_to "Secret page", static_pages_secret_path %>
    </li>

    <li>
      <%= link_to "Edit email / password", edit_user_registration_path %>
    </li>

  <% else %>
    <li>    
      <%= link_to "Sign in", new_user_session_path %>
    </li>

    <li>
      <%= link_to "Sign up", new_user_registration_path %>
    </li>

  <% end %>
</ul>
)
Caused by: ActiveSupport::SyntaxErrorProxy (/Users/enzoulette/Desktop/Projet-Commun-Lucas/Boutique-en-ligne/app/views/static_pages/index.html.erb:20: syntax errors found
  [2m18 | [m    </li>
  [2m19 | [m
[1;31m> [m[2m20 | [m'.freeze;   else 
  [2m   | [m            [1;31m^~~~[m unexpected 'else', ignoring it
  [2m21 | [m @output_buffer.safe_append='    <li>    
  [2m22 | [m      '.freeze; @output_buffer.append=( link_to "Sign in", new_user_session_path ); @output_buffer.safe_append='
[2m  ~~~~~~[m
  [2m30 | [m @output_buffer.safe_append='</ul>'.freeze;
  [2m31 | [m@output_buffer.safe_append='<!-- END app/views/static_pages/index.html.erb -->';@output_buffer
[1;31m> [m[2m32 | [m          end
  [2m   | [m          [1;31m^~~[m unexpected 'end', ignoring it
)

Information for: ActionView::SyntaxErrorInTemplate (Encountered a syntax error while rendering template: check <ul>
    <h1> Découvre les évenements de malade du coin </h1>
    <%= @event %>
    <li>
      <%= link_to "Sign out", destroy_user_session_path, data: {turbo_method: :delete} %>
    </li>

    <li>
      Voici ton email : <%= current_user.email %>
    </li>

    <li>
      <%= link_to "Secret page", static_pages_secret_path %>
    </li>

    <li>
      <%= link_to "Edit email / password", edit_user_registration_path %>
    </li>

  <% else %>
    <li>    
      <%= link_to "Sign in", new_user_session_path %>
    </li>

    <li>
      <%= link_to "Sign up", new_user_registration_path %>
    </li>

  <% end %>
</ul>
):
1:    <ul>
2:        <h1> Découvre les évenements de malade du coin </h1>
3:        <%= @event %>
4:        <li>
5:          <%= link_to "Sign out", destroy_user_session_path, data: {turbo_method: :delete} %>
6:        </li>
7:    
8:        <li>
9:          Voici ton email : <%= current_user.email %>
10:        </li>
11:    
12:        <li>
13:          <%= link_to "Secret page", static_pages_secret_path %>
14:        </li>
15:    
16:        <li>
17:          <%= link_to "Edit email / password", edit_user_registration_path %>
18:        </li>
19:    
20:      <% else %>
21:        <li>    
22:          <%= link_to "Sign in", new_user_session_path %>
23:        </li>
24:    
25:        <li>
26:          <%= link_to "Sign up", new_user_registration_path %>
27:        </li>
28:    
29:      <% end %>
30:    </ul>
  
app/views/static_pages/index.html.erb:20: syntax errors found

Information for cause: ActiveSupport::SyntaxErrorProxy (/Users/enzoulette/Desktop/Projet-Commun-Lucas/Boutique-en-ligne/app/views/static_pages/index.html.erb:20: syntax errors found
  [2m18 | [m    </li>
  [2m19 | [m
[1;31m> [m[2m20 | [m'.freeze;   else 
  [2m   | [m            [1;31m^~~~[m unexpected 'else', ignoring it
  [2m21 | [m @output_buffer.safe_append='    <li>    
  [2m22 | [m      '.freeze; @output_buffer.append=( link_to "Sign in", new_user_session_path ); @output_buffer.safe_append='
[2m  ~~~~~~[m
  [2m30 | [m @output_buffer.safe_append='</ul>'.freeze;
  [2m31 | [m@output_buffer.safe_append='<!-- END app/views/static_pages/index.html.erb -->';@output_buffer
[1;31m> [m[2m32 | [m          end
  [2m   | [m          [1;31m^~~[m unexpected 'end', ignoring it
):
  
app/views/static_pages/index.html.erb:20: syntax errors found
Started GET "/" for 127.0.0.1 at 2025-10-15 17:22:13 +0200
Processing by StaticPagesController#index as HTML
  Rendering layout layouts/application.html.erb
  Rendering static_pages/index.html.erb within layouts/application
  Rendered static_pages/index.html.erb within layouts/application (Duration: 0.4ms | GC: 0.0ms)
  Rendered layout layouts/application.html.erb (Duration: 0.4ms | GC: 0.0ms)
Completed 500 Internal Server Error in 18ms (ActiveRecord: 0.0ms (0 queries, 0 cached) | GC: 0.0ms)


  
ActionView::SyntaxErrorInTemplate (Encountered a syntax error while rendering template: check <ul>
    <h1> Découvre les évenements de malade du coin </h1>
    <%= for @events.each do |e| %>
    <p> le nom de l'evenements : <%= e.title %> </p>
    <%= end %>
    le nom de l'evenement 
    le lieu 
    la description 
    le prix 
    la durée 
    le createur 
    <li>
      <%= link_to "Sign out", destroy_user_session_path, data: {turbo_method: :delete} %>
    </li>

    <li>
      Voici ton email : <%= current_user.email %>
    </li>

    <li>
      <%= link_to "Secret page", static_pages_secret_path %>
    </li>

    <li>
      <%= link_to "Edit email / password", edit_user_registration_path %>
    </li>

  <% else %>
    <li>    
      <%= link_to "Sign in", new_user_session_path %>
    </li>

    <li>
      <%= link_to "Sign up", new_user_registration_path %>
    </li>

  <% end %>
</ul>
)
Caused by: ActiveSupport::SyntaxErrorProxy (/Users/enzoulette/Desktop/Projet-Commun-Lucas/Boutique-en-ligne/app/views/static_pages/index.html.erb:5: syntax errors found
  [2m 1 | [m            @virtual_path = "static_pages/index";;@output_buffer.safe_append='<!-- BEGIN app/views/static_pages/index.html.erb -->'; @output_buffer.safe_append='<ul>
  [2m 2 | [m    <h1> Découvre les évenements de malade du coin </h1>
[1;31m> [m[2m 3 | [m... @events.each do |e| ; @output_buffer.safe_append='
  [2m   | [m    [1;31m^~~~~~~~~~~~~~~~~~~~~~~~~~~~~~~~~~~~~~~~~~~~~~~~~~[m unexpected write target
  [2m 4 | [m    <p> le nom de l\'evenements : '.freeze; @output_buffer.append=( e.title ); @output_buffer.safe_append=' </p>
[1;31m> [m[2m 5 | [m...  end ); @output_buffer.safe_append=' ...
  [2m   | [m    [1;31m^[m expected a matching `)`
  [2m   | [m     [1;31m^~~[m unexpected 'end', assuming it is closing the parent 'do'..'end' block
  [2m   | [m     [1;31m^~~[m unexpected 'end', expecting end-of-input
  [2m   | [m     [1;31m^~~[m unexpected 'end', assuming it is closing the parent 'do'..'end' block
  [2m   | [m        [1;31m^[m expected a collection after the `in` in a `for` statement
  [2m   | [m        [1;31m^[m expected an `in` after the index in a `for` statement
  [2m   | [m         [1;31m^[m unexpected ')', ignoring it
  [2m   | [m         [1;31m^[m unexpected ')'; expected a 'do', newline, or ';' after the 'for' loop collection
  [2m 6 | [m    le nom de l\'evenement 
  [2m 7 | [m    le lieu 
[2m  ~~~~~~[m
  [2m26 | [m    </li>
  [2m27 | [m
[1;31m> [m[2m28 | [m'.freeze;   else 
  [2m   | [m            [1;31m^~~~[m unexpected 'else', ignoring it
  [2m29 | [m @output_buffer.safe_append='    <li>    
  [2m30 | [m      '.freeze; @output_buffer.append=( link_to "Sign in", new_user_session_path ); @output_buffer.safe_append='
)

Information for: ActionView::SyntaxErrorInTemplate (Encountered a syntax error while rendering template: check <ul>
    <h1> Découvre les évenements de malade du coin </h1>
    <%= for @events.each do |e| %>
    <p> le nom de l'evenements : <%= e.title %> </p>
    <%= end %>
    le nom de l'evenement 
    le lieu 
    la description 
    le prix 
    la durée 
    le createur 
    <li>
      <%= link_to "Sign out", destroy_user_session_path, data: {turbo_method: :delete} %>
    </li>

    <li>
      Voici ton email : <%= current_user.email %>
    </li>

    <li>
      <%= link_to "Secret page", static_pages_secret_path %>
    </li>

    <li>
      <%= link_to "Edit email / password", edit_user_registration_path %>
    </li>

  <% else %>
    <li>    
      <%= link_to "Sign in", new_user_session_path %>
    </li>

    <li>
      <%= link_to "Sign up", new_user_registration_path %>
    </li>

  <% end %>
</ul>
):
1:    <ul>
2:        <h1> Découvre les évenements de malade du coin </h1>
3:        <%= for @events.each do |e| %>
4:        <p> le nom de l'evenements : <%= e.title %> </p>
5:        <%= end %>
6:        le nom de l'evenement 
7:        le lieu 
8:        la description 
9:        le prix 
10:        la durée 
11:        le createur 
12:        <li>
13:          <%= link_to "Sign out", destroy_user_session_path, data: {turbo_method: :delete} %>
14:        </li>
15:    
16:        <li>
17:          Voici ton email : <%= current_user.email %>
18:        </li>
19:    
20:        <li>
21:          <%= link_to "Secret page", static_pages_secret_path %>
22:        </li>
23:    
24:        <li>
25:          <%= link_to "Edit email / password", edit_user_registration_path %>
26:        </li>
27:    
28:      <% else %>
29:        <li>    
30:          <%= link_to "Sign in", new_user_session_path %>
31:        </li>
32:    
33:        <li>
34:          <%= link_to "Sign up", new_user_registration_path %>
35:        </li>
36:    
37:      <% end %>
38:    </ul>
  
app/views/static_pages/index.html.erb:5: syntax errors found

Information for cause: ActiveSupport::SyntaxErrorProxy (/Users/enzoulette/Desktop/Projet-Commun-Lucas/Boutique-en-ligne/app/views/static_pages/index.html.erb:5: syntax errors found
  [2m 1 | [m            @virtual_path = "static_pages/index";;@output_buffer.safe_append='<!-- BEGIN app/views/static_pages/index.html.erb -->'; @output_buffer.safe_append='<ul>
  [2m 2 | [m    <h1> Découvre les évenements de malade du coin </h1>
[1;31m> [m[2m 3 | [m... @events.each do |e| ; @output_buffer.safe_append='
  [2m   | [m    [1;31m^~~~~~~~~~~~~~~~~~~~~~~~~~~~~~~~~~~~~~~~~~~~~~~~~~[m unexpected write target
  [2m 4 | [m    <p> le nom de l\'evenements : '.freeze; @output_buffer.append=( e.title ); @output_buffer.safe_append=' </p>
[1;31m> [m[2m 5 | [m...  end ); @output_buffer.safe_append=' ...
  [2m   | [m    [1;31m^[m expected a matching `)`
  [2m   | [m     [1;31m^~~[m unexpected 'end', assuming it is closing the parent 'do'..'end' block
  [2m   | [m     [1;31m^~~[m unexpected 'end', expecting end-of-input
  [2m   | [m     [1;31m^~~[m unexpected 'end', assuming it is closing the parent 'do'..'end' block
  [2m   | [m        [1;31m^[m expected a collection after the `in` in a `for` statement
  [2m   | [m        [1;31m^[m expected an `in` after the index in a `for` statement
  [2m   | [m         [1;31m^[m unexpected ')', ignoring it
  [2m   | [m         [1;31m^[m unexpected ')'; expected a 'do', newline, or ';' after the 'for' loop collection
  [2m 6 | [m    le nom de l\'evenement 
  [2m 7 | [m    le lieu 
[2m  ~~~~~~[m
  [2m26 | [m    </li>
  [2m27 | [m
[1;31m> [m[2m28 | [m'.freeze;   else 
  [2m   | [m            [1;31m^~~~[m unexpected 'else', ignoring it
  [2m29 | [m @output_buffer.safe_append='    <li>    
  [2m30 | [m      '.freeze; @output_buffer.append=( link_to "Sign in", new_user_session_path ); @output_buffer.safe_append='
):
  
app/views/static_pages/index.html.erb:5: syntax errors found
Started GET "/" for 127.0.0.1 at 2025-10-15 17:25:12 +0200
Processing by StaticPagesController#index as HTML
  Rendering layout layouts/application.html.erb
  Rendering static_pages/index.html.erb within layouts/application
  Rendered static_pages/index.html.erb within layouts/application (Duration: 0.4ms | GC: 0.0ms)
  Rendered layout layouts/application.html.erb (Duration: 0.5ms | GC: 0.0ms)
Completed 500 Internal Server Error in 20ms (ActiveRecord: 0.0ms (0 queries, 0 cached) | GC: 0.0ms)


  
ActionView::SyntaxErrorInTemplate (Encountered a syntax error while rendering template: check <ul>
    <h1> Découvre les évenements de malade du coin </h1>
    <%= for @events.each do |e| %>
        <p> le nom de l'evenements : <%= e.title %> </p>
    <%= else %>
        <p> vous n'avez pas encore d'evenements </p>
    <%= end %>
    
    le nom de l'evenement 
    le lieu 
    la description 
    le prix 
    la durée 
    le createur 
    <li>
      <%= link_to "Sign out", destroy_user_session_path, data: {turbo_method: :delete} %>
    </li>

    <li>
      Voici ton email : <%= current_user.email %>
    </li>

    <li>
      <%= link_to "Secret page", static_pages_secret_path %>
    </li>

    <li>
      <%= link_to "Edit email / password", edit_user_registration_path %>
    </li>

  <% else %>
    <li>    
      <%= link_to "Sign in", new_user_session_path %>
    </li>

    <li>
      <%= link_to "Sign up", new_user_registration_path %>
    </li>

  <% end %>
</ul>
)
Caused by: ActiveSupport::SyntaxErrorProxy (/Users/enzoulette/Desktop/Projet-Commun-Lucas/Boutique-en-ligne/app/views/static_pages/index.html.erb:5: syntax errors found
  [2m 1 | [m            @virtual_path = "static_pages/index";;@output_buffer.safe_append='<!-- BEGIN app/views/static_pages/index.html.erb -->'; @output_buffer.safe_append='<ul>
  [2m 2 | [m    <h1> Découvre les évenements de malade du coin </h1>
[1;31m> [m[2m 3 | [m... @events.each do |e| ; @output_buffer.safe_append='
  [2m   | [m    [1;31m^~~~~~~~~~~~~~~~~~~~~~~~~~~~~~~~~~~~~~~~~~~~~~~~~~[m unexpected write target
  [2m 4 | [m        <p> le nom de l\'evenements : '.freeze; @output_buffer.append=( e.title ); @output_buffer.safe_append=' </p>
[1;31m> [m[2m 5 | [m...  else ); @output_buffer.safe_append=' ...
  [2m   | [m    [1;31m^[m expected a matching `)`
  [2m   | [m     [1;31m^~~~[m unexpected 'else', ignoring it
  [2m   | [m     [1;31m^~~~[m unexpected 'else', expecting end-of-input
  [2m   | [m     [1;31m^~~~[m unexpected 'else', ignoring it
  [2m   | [m     [1;31m^~~~[m unexpected 'else', expecting end-of-input
  [2m   | [m     [1;31m^~~~[m unexpected 'else', ignoring it
  [2m   | [m          [1;31m^[m unexpected ')', ignoring it
  [2m 6 | [m        <p> vous n\'avez pas encore d\'evenements </p>
[1;31m> [m[2m 7 | [m...  end ); @output_buffer.safe_append=' ...
  [2m   | [m    [1;31m^[m expected a matching `)`
  [2m   | [m     [1;31m^~~[m unexpected 'end', assuming it is closing the parent 'do'..'end' block
  [2m   | [m     [1;31m^~~[m unexpected 'end', expecting end-of-input
  [2m   | [m     [1;31m^~~[m unexpected 'end', assuming it is closing the parent 'do'..'end' block
  [2m   | [m        [1;31m^[m expected a collection after the `in` in a `for` statement
  [2m   | [m        [1;31m^[m expected an `in` after the index in a `for` statement
  [2m   | [m         [1;31m^[m unexpected ')', ignoring it
  [2m   | [m         [1;31m^[m unexpected ')'; expected a 'do', newline, or ';' after the 'for' loop collection
  [2m 8 | [m    
  [2m 9 | [m    le nom de l\'evenement 
[2m  ~~~~~~[m
  [2m29 | [m    </li>
  [2m30 | [m
[1;31m> [m[2m31 | [m'.freeze;   else 
  [2m   | [m            [1;31m^~~~[m unexpected 'else', ignoring it
  [2m32 | [m @output_buffer.safe_append='    <li>    
  [2m33 | [m      '.freeze; @output_buffer.append=( link_to "Sign in", new_user_session_path ); @output_buffer.safe_append='
)

Information for: ActionView::SyntaxErrorInTemplate (Encountered a syntax error while rendering template: check <ul>
    <h1> Découvre les évenements de malade du coin </h1>
    <%= for @events.each do |e| %>
        <p> le nom de l'evenements : <%= e.title %> </p>
    <%= else %>
        <p> vous n'avez pas encore d'evenements </p>
    <%= end %>
    
    le nom de l'evenement 
    le lieu 
    la description 
    le prix 
    la durée 
    le createur 
    <li>
      <%= link_to "Sign out", destroy_user_session_path, data: {turbo_method: :delete} %>
    </li>

    <li>
      Voici ton email : <%= current_user.email %>
    </li>

    <li>
      <%= link_to "Secret page", static_pages_secret_path %>
    </li>

    <li>
      <%= link_to "Edit email / password", edit_user_registration_path %>
    </li>

  <% else %>
    <li>    
      <%= link_to "Sign in", new_user_session_path %>
    </li>

    <li>
      <%= link_to "Sign up", new_user_registration_path %>
    </li>

  <% end %>
</ul>
):
1:    <ul>
2:        <h1> Découvre les évenements de malade du coin </h1>
3:        <%= for @events.each do |e| %>
4:            <p> le nom de l'evenements : <%= e.title %> </p>
5:        <%= else %>
6:            <p> vous n'avez pas encore d'evenements </p>
7:        <%= end %>
8:        
9:        le nom de l'evenement 
10:        le lieu 
11:        la description 
12:        le prix 
13:        la durée 
14:        le createur 
15:        <li>
16:          <%= link_to "Sign out", destroy_user_session_path, data: {turbo_method: :delete} %>
17:        </li>
18:    
19:        <li>
20:          Voici ton email : <%= current_user.email %>
21:        </li>
22:    
23:        <li>
24:          <%= link_to "Secret page", static_pages_secret_path %>
25:        </li>
26:    
27:        <li>
28:          <%= link_to "Edit email / password", edit_user_registration_path %>
29:        </li>
30:    
31:      <% else %>
32:        <li>    
33:          <%= link_to "Sign in", new_user_session_path %>
34:        </li>
35:    
36:        <li>
37:          <%= link_to "Sign up", new_user_registration_path %>
38:        </li>
39:    
40:      <% end %>
41:    </ul>
  
app/views/static_pages/index.html.erb:5: syntax errors found

Information for cause: ActiveSupport::SyntaxErrorProxy (/Users/enzoulette/Desktop/Projet-Commun-Lucas/Boutique-en-ligne/app/views/static_pages/index.html.erb:5: syntax errors found
  [2m 1 | [m            @virtual_path = "static_pages/index";;@output_buffer.safe_append='<!-- BEGIN app/views/static_pages/index.html.erb -->'; @output_buffer.safe_append='<ul>
  [2m 2 | [m    <h1> Découvre les évenements de malade du coin </h1>
[1;31m> [m[2m 3 | [m... @events.each do |e| ; @output_buffer.safe_append='
  [2m   | [m    [1;31m^~~~~~~~~~~~~~~~~~~~~~~~~~~~~~~~~~~~~~~~~~~~~~~~~~[m unexpected write target
  [2m 4 | [m        <p> le nom de l\'evenements : '.freeze; @output_buffer.append=( e.title ); @output_buffer.safe_append=' </p>
[1;31m> [m[2m 5 | [m...  else ); @output_buffer.safe_append=' ...
  [2m   | [m    [1;31m^[m expected a matching `)`
  [2m   | [m     [1;31m^~~~[m unexpected 'else', ignoring it
  [2m   | [m     [1;31m^~~~[m unexpected 'else', expecting end-of-input
  [2m   | [m     [1;31m^~~~[m unexpected 'else', ignoring it
  [2m   | [m     [1;31m^~~~[m unexpected 'else', expecting end-of-input
  [2m   | [m     [1;31m^~~~[m unexpected 'else', ignoring it
  [2m   | [m          [1;31m^[m unexpected ')', ignoring it
  [2m 6 | [m        <p> vous n\'avez pas encore d\'evenements </p>
[1;31m> [m[2m 7 | [m...  end ); @output_buffer.safe_append=' ...
  [2m   | [m    [1;31m^[m expected a matching `)`
  [2m   | [m     [1;31m^~~[m unexpected 'end', assuming it is closing the parent 'do'..'end' block
  [2m   | [m     [1;31m^~~[m unexpected 'end', expecting end-of-input
  [2m   | [m     [1;31m^~~[m unexpected 'end', assuming it is closing the parent 'do'..'end' block
  [2m   | [m        [1;31m^[m expected a collection after the `in` in a `for` statement
  [2m   | [m        [1;31m^[m expected an `in` after the index in a `for` statement
  [2m   | [m         [1;31m^[m unexpected ')', ignoring it
  [2m   | [m         [1;31m^[m unexpected ')'; expected a 'do', newline, or ';' after the 'for' loop collection
  [2m 8 | [m    
  [2m 9 | [m    le nom de l\'evenement 
[2m  ~~~~~~[m
  [2m29 | [m    </li>
  [2m30 | [m
[1;31m> [m[2m31 | [m'.freeze;   else 
  [2m   | [m            [1;31m^~~~[m unexpected 'else', ignoring it
  [2m32 | [m @output_buffer.safe_append='    <li>    
  [2m33 | [m      '.freeze; @output_buffer.append=( link_to "Sign in", new_user_session_path ); @output_buffer.safe_append='
):
  
app/views/static_pages/index.html.erb:5: syntax errors found
Started GET "/" for 127.0.0.1 at 2025-10-15 17:25:41 +0200
Processing by StaticPagesController#index as HTML
  Rendering layout layouts/application.html.erb
  Rendering static_pages/index.html.erb within layouts/application
  Rendered static_pages/index.html.erb within layouts/application (Duration: 0.3ms | GC: 0.0ms)
  Rendered layout layouts/application.html.erb (Duration: 0.4ms | GC: 0.0ms)
Completed 500 Internal Server Error in 19ms (ActiveRecord: 0.0ms (0 queries, 0 cached) | GC: 0.0ms)


  
ActionView::SyntaxErrorInTemplate (Encountered a syntax error while rendering template: check <ul>
    <h1> Découvre les évenements de malade du coin </h1>
  

    le nom de l'evenement 
    le lieu 
    la description 
    le prix 
    la durée 
    le createur 
    <li>
      <%= link_to "Sign out", destroy_user_session_path, data: {turbo_method: :delete} %>
    </li>

    <li>
      Voici ton email : <%= current_user.email %>
    </li>

    <li>
      <%= link_to "Secret page", static_pages_secret_path %>
    </li>

    <li>
      <%= link_to "Edit email / password", edit_user_registration_path %>
    </li>

  <% else %>
    <li>    
      <%= link_to "Sign in", new_user_session_path %>
    </li>

    <li>
      <%= link_to "Sign up", new_user_registration_path %>
    </li>

  <% end %>
</ul>
)
Caused by: ActiveSupport::SyntaxErrorProxy (/Users/enzoulette/Desktop/Projet-Commun-Lucas/Boutique-en-ligne/app/views/static_pages/index.html.erb:27: syntax errors found
  [2m25 | [m    </li>
  [2m26 | [m
[1;31m> [m[2m27 | [m'.freeze;   else 
  [2m   | [m            [1;31m^~~~[m unexpected 'else', ignoring it
  [2m28 | [m @output_buffer.safe_append='    <li>    
  [2m29 | [m      '.freeze; @output_buffer.append=( link_to "Sign in", new_user_session_path ); @output_buffer.safe_append='
[2m  ~~~~~~[m
  [2m37 | [m @output_buffer.safe_append='</ul>'.freeze;
  [2m38 | [m@output_buffer.safe_append='<!-- END app/views/static_pages/index.html.erb -->';@output_buffer
[1;31m> [m[2m39 | [m          end
  [2m   | [m          [1;31m^~~[m unexpected 'end', ignoring it
)

Information for: ActionView::SyntaxErrorInTemplate (Encountered a syntax error while rendering template: check <ul>
    <h1> Découvre les évenements de malade du coin </h1>
  

    le nom de l'evenement 
    le lieu 
    la description 
    le prix 
    la durée 
    le createur 
    <li>
      <%= link_to "Sign out", destroy_user_session_path, data: {turbo_method: :delete} %>
    </li>

    <li>
      Voici ton email : <%= current_user.email %>
    </li>

    <li>
      <%= link_to "Secret page", static_pages_secret_path %>
    </li>

    <li>
      <%= link_to "Edit email / password", edit_user_registration_path %>
    </li>

  <% else %>
    <li>    
      <%= link_to "Sign in", new_user_session_path %>
    </li>

    <li>
      <%= link_to "Sign up", new_user_registration_path %>
    </li>

  <% end %>
</ul>
):
1:    <ul>
2:        <h1> Découvre les évenements de malade du coin </h1>
3:      
4:    
5:        le nom de l'evenement 
6:        le lieu 
7:        la description 
8:        le prix 
9:        la durée 
10:        le createur 
11:        <li>
12:          <%= link_to "Sign out", destroy_user_session_path, data: {turbo_method: :delete} %>
13:        </li>
14:    
15:        <li>
16:          Voici ton email : <%= current_user.email %>
17:        </li>
18:    
19:        <li>
20:          <%= link_to "Secret page", static_pages_secret_path %>
21:        </li>
22:    
23:        <li>
24:          <%= link_to "Edit email / password", edit_user_registration_path %>
25:        </li>
26:    
27:      <% else %>
28:        <li>    
29:          <%= link_to "Sign in", new_user_session_path %>
30:        </li>
31:    
32:        <li>
33:          <%= link_to "Sign up", new_user_registration_path %>
34:        </li>
35:    
36:      <% end %>
37:    </ul>
  
app/views/static_pages/index.html.erb:27: syntax errors found

Information for cause: ActiveSupport::SyntaxErrorProxy (/Users/enzoulette/Desktop/Projet-Commun-Lucas/Boutique-en-ligne/app/views/static_pages/index.html.erb:27: syntax errors found
  [2m25 | [m    </li>
  [2m26 | [m
[1;31m> [m[2m27 | [m'.freeze;   else 
  [2m   | [m            [1;31m^~~~[m unexpected 'else', ignoring it
  [2m28 | [m @output_buffer.safe_append='    <li>    
  [2m29 | [m      '.freeze; @output_buffer.append=( link_to "Sign in", new_user_session_path ); @output_buffer.safe_append='
[2m  ~~~~~~[m
  [2m37 | [m @output_buffer.safe_append='</ul>'.freeze;
  [2m38 | [m@output_buffer.safe_append='<!-- END app/views/static_pages/index.html.erb -->';@output_buffer
[1;31m> [m[2m39 | [m          end
  [2m   | [m          [1;31m^~~[m unexpected 'end', ignoring it
):
  
app/views/static_pages/index.html.erb:27: syntax errors found
Started GET "/" for 127.0.0.1 at 2025-10-15 17:25:48 +0200
Processing by StaticPagesController#index as HTML
  Rendering layout layouts/application.html.erb
  Rendering static_pages/index.html.erb within layouts/application
  Rendered static_pages/index.html.erb within layouts/application (Duration: 0.3ms | GC: 0.0ms)
  Rendered layout layouts/application.html.erb (Duration: 0.4ms | GC: 0.0ms)
Completed 500 Internal Server Error in 19ms (ActiveRecord: 0.0ms (0 queries, 0 cached) | GC: 0.2ms)


  
ActionView::SyntaxErrorInTemplate (Encountered a syntax error while rendering template: check <ul>
    <h1> Découvre les évenements de malade du coin </h1>
    le nom de l'evenement 
    le lieu 
    la description 
    le prix 
    la durée 
    le createur 
    <li>
      <%= link_to "Sign out", destroy_user_session_path, data: {turbo_method: :delete} %>
    </li>

    <li>
      Voici ton email : <%= current_user.email %>
    </li>

    <li>
      <%= link_to "Secret page", static_pages_secret_path %>
    </li>

    <li>
      <%= link_to "Edit email / password", edit_user_registration_path %>
    </li>

  <% else %>
    <li>    
      <%= link_to "Sign in", new_user_session_path %>
    </li>

    <li>
      <%= link_to "Sign up", new_user_registration_path %>
    </li>

  <% end %>
</ul>
)
Caused by: ActiveSupport::SyntaxErrorProxy (/Users/enzoulette/Desktop/Projet-Commun-Lucas/Boutique-en-ligne/app/views/static_pages/index.html.erb:25: syntax errors found
  [2m23 | [m    </li>
  [2m24 | [m
[1;31m> [m[2m25 | [m'.freeze;   else 
  [2m   | [m            [1;31m^~~~[m unexpected 'else', ignoring it
  [2m26 | [m @output_buffer.safe_append='    <li>    
  [2m27 | [m      '.freeze; @output_buffer.append=( link_to "Sign in", new_user_session_path ); @output_buffer.safe_append='
[2m  ~~~~~~[m
  [2m35 | [m @output_buffer.safe_append='</ul>'.freeze;
  [2m36 | [m@output_buffer.safe_append='<!-- END app/views/static_pages/index.html.erb -->';@output_buffer
[1;31m> [m[2m37 | [m          end
  [2m   | [m          [1;31m^~~[m unexpected 'end', ignoring it
)

Information for: ActionView::SyntaxErrorInTemplate (Encountered a syntax error while rendering template: check <ul>
    <h1> Découvre les évenements de malade du coin </h1>
    le nom de l'evenement 
    le lieu 
    la description 
    le prix 
    la durée 
    le createur 
    <li>
      <%= link_to "Sign out", destroy_user_session_path, data: {turbo_method: :delete} %>
    </li>

    <li>
      Voici ton email : <%= current_user.email %>
    </li>

    <li>
      <%= link_to "Secret page", static_pages_secret_path %>
    </li>

    <li>
      <%= link_to "Edit email / password", edit_user_registration_path %>
    </li>

  <% else %>
    <li>    
      <%= link_to "Sign in", new_user_session_path %>
    </li>

    <li>
      <%= link_to "Sign up", new_user_registration_path %>
    </li>

  <% end %>
</ul>
):
1:    <ul>
2:        <h1> Découvre les évenements de malade du coin </h1>
3:        le nom de l'evenement 
4:        le lieu 
5:        la description 
6:        le prix 
7:        la durée 
8:        le createur 
9:        <li>
10:          <%= link_to "Sign out", destroy_user_session_path, data: {turbo_method: :delete} %>
11:        </li>
12:    
13:        <li>
14:          Voici ton email : <%= current_user.email %>
15:        </li>
16:    
17:        <li>
18:          <%= link_to "Secret page", static_pages_secret_path %>
19:        </li>
20:    
21:        <li>
22:          <%= link_to "Edit email / password", edit_user_registration_path %>
23:        </li>
24:    
25:      <% else %>
26:        <li>    
27:          <%= link_to "Sign in", new_user_session_path %>
28:        </li>
29:    
30:        <li>
31:          <%= link_to "Sign up", new_user_registration_path %>
32:        </li>
33:    
34:      <% end %>
35:    </ul>
  
app/views/static_pages/index.html.erb:25: syntax errors found

Information for cause: ActiveSupport::SyntaxErrorProxy (/Users/enzoulette/Desktop/Projet-Commun-Lucas/Boutique-en-ligne/app/views/static_pages/index.html.erb:25: syntax errors found
  [2m23 | [m    </li>
  [2m24 | [m
[1;31m> [m[2m25 | [m'.freeze;   else 
  [2m   | [m            [1;31m^~~~[m unexpected 'else', ignoring it
  [2m26 | [m @output_buffer.safe_append='    <li>    
  [2m27 | [m      '.freeze; @output_buffer.append=( link_to "Sign in", new_user_session_path ); @output_buffer.safe_append='
[2m  ~~~~~~[m
  [2m35 | [m @output_buffer.safe_append='</ul>'.freeze;
  [2m36 | [m@output_buffer.safe_append='<!-- END app/views/static_pages/index.html.erb -->';@output_buffer
[1;31m> [m[2m37 | [m          end
  [2m   | [m          [1;31m^~~[m unexpected 'end', ignoring it
):
  
app/views/static_pages/index.html.erb:25: syntax errors found
Started GET "/" for 127.0.0.1 at 2025-10-15 17:26:49 +0200
Processing by StaticPagesController#index as HTML
  Rendering layout layouts/application.html.erb
  Rendering static_pages/index.html.erb within layouts/application
  Rendered static_pages/index.html.erb within layouts/application (Duration: 0.4ms | GC: 0.0ms)
  Rendered layout layouts/application.html.erb (Duration: 0.5ms | GC: 0.0ms)
Completed 500 Internal Server Error in 18ms (ActiveRecord: 0.0ms (0 queries, 0 cached) | GC: 0.0ms)


  
ActionView::SyntaxErrorInTemplate (Encountered a syntax error while rendering template: check <ul>
    <h1> Découvre les évenements de malade du coin <>

  <%= for @events.each do |e| %>
        <p> le nom de l'evenements : <%= e.title %> </p>
    <%= else %>
        <p> vous n'avez pas encore d'evenements </p>
    <%= end %>

  <% if user_signed_in? %>
    <li>
      <%= link_to "Sign out", destroy_user_session_path, data: {turbo_method: :delete} %>
    </li>

    <li>
      Voici ton email : <%= current_user.email %>
    </li>

    <li>
      <%= link_to "Secret page", static_pages_secret_path %>
    </li>

    <li>
      <%= link_to "Edit email / password", edit_user_registration_path %>
    </li>

  <% else %>
    <li>    
      <%= link_to "Sign in", new_user_session_path %>
    </li>

    <li>
      <%= link_to "Sign up", new_user_registration_path %>
    </li>

  <% end %>
</ul>
)
Caused by: ActiveSupport::SyntaxErrorProxy (/Users/enzoulette/Desktop/Projet-Commun-Lucas/Boutique-en-ligne/app/views/static_pages/index.html.erb:6: syntax errors found
  [2m 2 | [m    <h1> Découvre les évenements de malade du coin <>
  [2m 3 | [m
[1;31m> [m[2m 4 | [m... @events.each do |e| ; @output_buffer.safe_append='
  [2m   | [m    [1;31m^~~~~~~~~~~~~~~~~~~~~~~~~~~~~~~~~~~~~~~~~~~~~~~~~~[m unexpected write target
  [2m 5 | [m        <p> le nom de l\'evenements : '.freeze; @output_buffer.append=( e.title ); @output_buffer.safe_append=' </p>
[1;31m> [m[2m 6 | [m...  else ); @output_buffer.safe_append=' ...
  [2m   | [m    [1;31m^[m expected a matching `)`
  [2m   | [m     [1;31m^~~~[m unexpected 'else', ignoring it
  [2m   | [m     [1;31m^~~~[m unexpected 'else', expecting end-of-input
  [2m   | [m     [1;31m^~~~[m unexpected 'else', ignoring it
  [2m   | [m     [1;31m^~~~[m unexpected 'else', expecting end-of-input
  [2m   | [m     [1;31m^~~~[m unexpected 'else', ignoring it
  [2m   | [m          [1;31m^[m unexpected ')', ignoring it
  [2m 7 | [m        <p> vous n\'avez pas encore d\'evenements </p>
[1;31m> [m[2m 8 | [m...  end ); @output_buffer.safe_append=' ...
  [2m   | [m    [1;31m^[m expected a matching `)`
  [2m   | [m     [1;31m^~~[m unexpected 'end', assuming it is closing the parent 'do'..'end' block
  [2m   | [m     [1;31m^~~[m unexpected 'end', expecting end-of-input
  [2m   | [m     [1;31m^~~[m unexpected 'end', assuming it is closing the parent 'do'..'end' block
  [2m   | [m        [1;31m^[m expected a collection after the `in` in a `for` statement
  [2m   | [m        [1;31m^[m expected an `in` after the index in a `for` statement
  [2m   | [m         [1;31m^[m unexpected ')', ignoring it
  [2m   | [m         [1;31m^[m unexpected ')'; expected a 'do', newline, or ';' after the 'for' loop collection
  [2m 9 | [m
  [2m10 | [m'.freeze;   if user_signed_in? 
[2m  ~~~~~~[m
  [2m37 | [m @output_buffer.safe_append='</ul>'.freeze;
  [2m38 | [m@output_buffer.safe_append='<!-- END app/views/static_pages/index.html.erb -->';@output_buffer
[1;31m> [m[2m39 | [m          end
  [2m   | [m             [1;31m^[m unexpected end-of-input, assuming it is closing the parent top level context
[1;31m> [m[2m40 | [m
  [2m   | [m[1;31m^[m expected an `end` to close the `def` statement
)

Information for: ActionView::SyntaxErrorInTemplate (Encountered a syntax error while rendering template: check <ul>
    <h1> Découvre les évenements de malade du coin <>

  <%= for @events.each do |e| %>
        <p> le nom de l'evenements : <%= e.title %> </p>
    <%= else %>
        <p> vous n'avez pas encore d'evenements </p>
    <%= end %>

  <% if user_signed_in? %>
    <li>
      <%= link_to "Sign out", destroy_user_session_path, data: {turbo_method: :delete} %>
    </li>

    <li>
      Voici ton email : <%= current_user.email %>
    </li>

    <li>
      <%= link_to "Secret page", static_pages_secret_path %>
    </li>

    <li>
      <%= link_to "Edit email / password", edit_user_registration_path %>
    </li>

  <% else %>
    <li>    
      <%= link_to "Sign in", new_user_session_path %>
    </li>

    <li>
      <%= link_to "Sign up", new_user_registration_path %>
    </li>

  <% end %>
</ul>
):
1:    <ul>
2:        <h1> Découvre les évenements de malade du coin <>
3:    
4:      <%= for @events.each do |e| %>
5:            <p> le nom de l'evenements : <%= e.title %> </p>
6:        <%= else %>
7:            <p> vous n'avez pas encore d'evenements </p>
8:        <%= end %>
9:    
10:      <% if user_signed_in? %>
11:        <li>
12:          <%= link_to "Sign out", destroy_user_session_path, data: {turbo_method: :delete} %>
13:        </li>
14:    
15:        <li>
16:          Voici ton email : <%= current_user.email %>
17:        </li>
18:    
19:        <li>
20:          <%= link_to "Secret page", static_pages_secret_path %>
21:        </li>
22:    
23:        <li>
24:          <%= link_to "Edit email / password", edit_user_registration_path %>
25:        </li>
26:    
27:      <% else %>
28:        <li>    
29:          <%= link_to "Sign in", new_user_session_path %>
30:        </li>
31:    
32:        <li>
33:          <%= link_to "Sign up", new_user_registration_path %>
34:        </li>
35:    
36:      <% end %>
37:    </ul>
  
app/views/static_pages/index.html.erb:6: syntax errors found

Information for cause: ActiveSupport::SyntaxErrorProxy (/Users/enzoulette/Desktop/Projet-Commun-Lucas/Boutique-en-ligne/app/views/static_pages/index.html.erb:6: syntax errors found
  [2m 2 | [m    <h1> Découvre les évenements de malade du coin <>
  [2m 3 | [m
[1;31m> [m[2m 4 | [m... @events.each do |e| ; @output_buffer.safe_append='
  [2m   | [m    [1;31m^~~~~~~~~~~~~~~~~~~~~~~~~~~~~~~~~~~~~~~~~~~~~~~~~~[m unexpected write target
  [2m 5 | [m        <p> le nom de l\'evenements : '.freeze; @output_buffer.append=( e.title ); @output_buffer.safe_append=' </p>
[1;31m> [m[2m 6 | [m...  else ); @output_buffer.safe_append=' ...
  [2m   | [m    [1;31m^[m expected a matching `)`
  [2m   | [m     [1;31m^~~~[m unexpected 'else', ignoring it
  [2m   | [m     [1;31m^~~~[m unexpected 'else', expecting end-of-input
  [2m   | [m     [1;31m^~~~[m unexpected 'else', ignoring it
  [2m   | [m     [1;31m^~~~[m unexpected 'else', expecting end-of-input
  [2m   | [m     [1;31m^~~~[m unexpected 'else', ignoring it
  [2m   | [m          [1;31m^[m unexpected ')', ignoring it
  [2m 7 | [m        <p> vous n\'avez pas encore d\'evenements </p>
[1;31m> [m[2m 8 | [m...  end ); @output_buffer.safe_append=' ...
  [2m   | [m    [1;31m^[m expected a matching `)`
  [2m   | [m     [1;31m^~~[m unexpected 'end', assuming it is closing the parent 'do'..'end' block
  [2m   | [m     [1;31m^~~[m unexpected 'end', expecting end-of-input
  [2m   | [m     [1;31m^~~[m unexpected 'end', assuming it is closing the parent 'do'..'end' block
  [2m   | [m        [1;31m^[m expected a collection after the `in` in a `for` statement
  [2m   | [m        [1;31m^[m expected an `in` after the index in a `for` statement
  [2m   | [m         [1;31m^[m unexpected ')', ignoring it
  [2m   | [m         [1;31m^[m unexpected ')'; expected a 'do', newline, or ';' after the 'for' loop collection
  [2m 9 | [m
  [2m10 | [m'.freeze;   if user_signed_in? 
[2m  ~~~~~~[m
  [2m37 | [m @output_buffer.safe_append='</ul>'.freeze;
  [2m38 | [m@output_buffer.safe_append='<!-- END app/views/static_pages/index.html.erb -->';@output_buffer
[1;31m> [m[2m39 | [m          end
  [2m   | [m             [1;31m^[m unexpected end-of-input, assuming it is closing the parent top level context
[1;31m> [m[2m40 | [m
  [2m   | [m[1;31m^[m expected an `end` to close the `def` statement
):
  
app/views/static_pages/index.html.erb:6: syntax errors found
Started GET "/" for 127.0.0.1 at 2025-10-15 17:27:12 +0200
Processing by StaticPagesController#index as HTML
  Rendering layout layouts/application.html.erb
  Rendering static_pages/index.html.erb within layouts/application
  [1m[36mUser Load (0.3ms)[0m  [1m[34mSELECT "users".* FROM "users" WHERE "users"."id" = 2 ORDER BY "users"."id" ASC LIMIT 1 /*action='index',application='Enzucas',controller='static_pages'*/[0m
  ↳ app/views/static_pages/index.html.erb:3
  Rendered static_pages/index.html.erb within layouts/application (Duration: 4.5ms | GC: 0.0ms)
  Rendered layout layouts/application.html.erb (Duration: 5.4ms | GC: 0.0ms)
Completed 200 OK in 24ms (Views: 4.3ms | ActiveRecord: 1.7ms (1 query, 0 cached) | GC: 0.0ms)


  [1m[36mActiveRecord::SchemaMigration Load (0.1ms)[0m  [1m[34mSELECT "schema_migrations"."version" FROM "schema_migrations" ORDER BY "schema_migrations"."version" ASC /*application='Enzucas'*/[0m
